SF:C:\0Code\HaddySimHub\HaddySimHub\Extensions.cs
FN:5,System.Void Extensions::ForEach(System.Collections.Generic.IEnumerable`1<T>,System.Action`1<T>)
FNDA:0,System.Void Extensions::ForEach(System.Collections.Generic.IEnumerable`1<T>,System.Action`1<T>)
DA:6,0
DA:7,0
DA:8,0
DA:9,0
BRDA:7,32,1,0
BRDA:7,32,0,0
LF:4
LH:0
BRF:2
BRH:0
FNF:1
FNH:0
end_of_record
SF:C:\0Code\HaddySimHub\HaddySimHub\Models\RpmLight.cs
FN:2,System.Int32 RpmLight::get_Rpm()
FNDA:0,System.Int32 RpmLight::get_Rpm()
DA:3,0
FN:3,System.String RpmLight::get_Color()
FNDA:0,System.String RpmLight::get_Color()
DA:4,0
LF:2
LH:0
BRF:0
BRH:0
FNF:2
FNH:0
end_of_record
SF:C:\0Code\HaddySimHub\HaddySimHub\Program.cs
FN:11,System.String Program::get_TestId()
FNDA:0,System.String Program::get_TestId()
DA:12,0
FN:78,Microsoft.AspNetCore.Builder.WebApplication Program::CreateWebServer()
FNDA:0,Microsoft.AspNetCore.Builder.WebApplication Program::CreateWebServer()
DA:79,0
DA:80,0
DA:81,0
DA:84,0
DA:87,0
DA:88,0
DA:89,0
DA:90,0
DA:91,0
DA:92,0
DA:93,0
DA:94,0
DA:95,0
DA:96,0
DA:97,0
DA:98,0
DA:101,0
DA:102,0
DA:103,0
DA:104,0
DA:106,0
DA:107,0
DA:108,0
DA:111,0
DA:112,0
DA:115,0
DA:116,0
DA:117,0
DA:119,0
DA:120,0
DA:121,0
DA:123,0
DA:124,0
DA:125,0
DA:127,0
DA:128,0
DA:129,0
DA:131,0
DA:132,0
DA:133,0
DA:135,0
DA:136,0
DA:137,0
DA:140,0
DA:143,0
DA:146,0
DA:147,0
DA:148,0
DA:149,0
DA:150,0
DA:151,0
DA:154,0
DA:155,0
DA:156,0
DA:158,0
DA:159,0
DA:160,0
DA:161,0
DA:162,0
DA:163,0
DA:165,0
DA:166,0
FN:203,System.Void Program::VerifySingleInstance()
FNDA:0,System.Void Program::VerifySingleInstance()
DA:204,0
DA:205,0
DA:206,0
DA:208,0
DA:209,0
DA:210,0
DA:211,0
DA:212,0
DA:213,0
DA:214,0
DA:215,0
DA:216,0
DA:217,0
DA:218,0
DA:219,0
DA:220,0
DA:221,0
BRDA:208,296,1,0
BRDA:210,57,0,0
BRDA:215,190,0,0
BRDA:215,190,1,0
BRDA:210,57,1,0
BRDA:208,296,0,0
FN:27,System.Void Program/<>c__DisplayClass5_0::<Main>b__0(System.Object,System.ConsoleCancelEventArgs)
FNDA:0,System.Void Program/<>c__DisplayClass5_0::<Main>b__0(System.Object,System.ConsoleCancelEventArgs)
DA:28,0
DA:29,0
DA:30,0
DA:31,0
DA:32,0
DA:33,0
FN:35,System.Void Program/<>c__DisplayClass5_0/<<Main>b__1>d::MoveNext()
FNDA:0,System.Void Program/<>c__DisplayClass5_0/<<Main>b__1>d::MoveNext()
DA:36,0
DA:37,0
DA:38,0
DA:39,0
DA:40,0
DA:41,0
DA:42,0
DA:43,0
DA:44,0
DA:45,0
DA:46,0
DA:47,0
DA:48,0
DA:49,0
DA:50,0
DA:51,0
DA:52,0
DA:53,0
DA:54,0
DA:55,0
DA:57,0
DA:58,0
DA:59,0
DA:61,0
DA:62,0
DA:63,0
DA:65,0
DA:66,0
DA:67,0
BRDA:37,372,1,0
BRDA:39,31,0,0
BRDA:42,61,0,0
BRDA:42,61,1,0
BRDA:42,83,0,0
BRDA:44,101,0,0
BRDA:44,101,1,0
BRDA:48,137,0,0
BRDA:48,137,1,0
BRDA:52,173,0,0
BRDA:52,173,1,0
BRDA:61,213,0,0
BRDA:61,213,1,0
BRDA:42,83,1,0
BRDA:39,31,1,0
BRDA:37,372,0,0
FN:223,System.Void Program/<CheckForUpdates>d__10::MoveNext()
FNDA:0,System.Void Program/<CheckForUpdates>d__10::MoveNext()
DA:224,0
DA:226,0
DA:227,0
DA:228,0
DA:229,0
DA:230,0
DA:231,0
DA:232,0
DA:233,0
DA:234,0
DA:235,0
DA:236,0
DA:237,0
BRDA:227,132,0,0
BRDA:227,132,1,0
FN:14,System.Void Program/<Main>d__5::MoveNext()
FNDA:0,System.Void Program/<Main>d__5::MoveNext()
DA:15,0
DA:16,0
DA:17,0
DA:19,0
DA:20,0
DA:21,0
DA:22,0
DA:24,0
DA:25,0
DA:27,0
DA:35,0
DA:56,0
DA:60,0
DA:64,0
DA:69,0
DA:71,0
DA:72,0
DA:73,0
DA:75,0
DA:76,0
BRDA:19,75,0,0
BRDA:19,75,1,0
FN:185,System.Void Program/<RunProcessAsync>d__8::MoveNext()
FNDA:0,System.Void Program/<RunProcessAsync>d__8::MoveNext()
DA:186,0
DA:188,0
DA:189,0
DA:190,0
DA:191,0
DA:192,0
DA:193,0
DA:194,0
DA:196,0
DA:197,0
DA:198,0
DA:199,0
DA:200,0
DA:201,0
FN:168,System.Void Program/<RunWebServerAsync>d__7::MoveNext()
FNDA:0,System.Void Program/<RunWebServerAsync>d__7::MoveNext()
DA:169,0
DA:171,0
DA:172,0
DA:173,0
DA:174,0
DA:175,0
DA:176,0
DA:178,0
DA:179,0
DA:180,0
DA:181,0
DA:182,0
DA:183,0
LF:175
LH:0
BRF:26
BRH:0
FNF:9
FNH:0
end_of_record
SF:C:\0Code\HaddySimHub\HaddySimHub\DisplaysRunner.cs
FN:21,HaddySimHub.Displays.IDisplay HaddySimHub.DisplaysRunner::get_CurrentDisplay()
FNDA:0,HaddySimHub.Displays.IDisplay HaddySimHub.DisplaysRunner::get_CurrentDisplay()
DA:22,0
FN:10,System.Void HaddySimHub.DisplaysRunner::.ctor(System.Collections.Generic.IEnumerable`1<HaddySimHub.Displays.IDisplay>,HaddySimHub.Interfaces.IDisplayUpdateSender)
FNDA:2,System.Void HaddySimHub.DisplaysRunner::.ctor(System.Collections.Generic.IEnumerable`1<HaddySimHub.Displays.IDisplay>,HaddySimHub.Interfaces.IDisplayUpdateSender)
DA:11,2
DA:14,2
DA:16,2
DA:17,2
DA:18,2
DA:19,2
DA:20,2
BRDA:18,37,0,0
BRDA:18,37,1,2
BRDA:19,53,0,0
BRDA:19,53,1,2
FN:28,System.Boolean HaddySimHub.DisplaysRunner/<>c::<RunAsync>b__9_0(HaddySimHub.Displays.IDisplay)
FNDA:0,System.Boolean HaddySimHub.DisplaysRunner/<>c::<RunAsync>b__9_0(HaddySimHub.Displays.IDisplay)
DA:29,0
FN:51,System.Void HaddySimHub.DisplaysRunner/<>c::<RunAsync>b__9_2(HaddySimHub.Displays.IDisplay)
FNDA:0,System.Void HaddySimHub.DisplaysRunner/<>c::<RunAsync>b__9_2(HaddySimHub.Displays.IDisplay)
DA:52,0
DA:54,0
DA:55,0
DA:56,0
DA:57,0
DA:58,0
DA:59,0
DA:60,0
DA:61,0
DA:62,0
FN:62,System.Void HaddySimHub.DisplaysRunner/<>c::<RunAsync>b__9_4(HaddySimHub.Displays.IDisplay)
FNDA:0,System.Void HaddySimHub.DisplaysRunner/<>c::<RunAsync>b__9_4(HaddySimHub.Displays.IDisplay)
DA:63,0
DA:65,0
DA:66,0
DA:67,0
DA:68,0
DA:69,0
DA:70,0
DA:71,0
DA:72,0
DA:73,0
FN:24,System.Void HaddySimHub.DisplaysRunner/<RunAsync>d__9::MoveNext()
FNDA:0,System.Void HaddySimHub.DisplaysRunner/<RunAsync>d__9::MoveNext()
DA:25,0
DA:26,0
DA:27,0
DA:28,0
DA:30,0
DA:31,0
DA:32,0
DA:33,0
DA:34,0
DA:35,0
DA:36,0
DA:37,0
DA:38,0
DA:40,0
DA:41,0
DA:42,0
DA:43,0
DA:44,0
DA:45,0
DA:46,0
DA:48,0
DA:49,0
DA:50,0
DA:53,0
DA:64,0
DA:74,0
DA:75,0
DA:77,0
DA:78,0
DA:79,0
BRDA:27,901,1,0
BRDA:30,157,0,0
BRDA:32,176,0,0
BRDA:32,176,1,0
BRDA:30,157,1,0
BRDA:43,466,1,0
BRDA:43,466,0,0
BRDA:52,565,0,0
BRDA:52,565,1,0
BRDA:27,901,0,0
LF:59
LH:7
BRF:14
BRH:2
FNF:6
FNH:1
end_of_record
SF:C:\0Code\HaddySimHub\HaddySimHub\Logger.cs
FN:12,System.Void HaddySimHub.Logger::Debug(System.String)
FNDA:0,System.Void HaddySimHub.Logger::Debug(System.String)
DA:13,0
FN:15,System.Void HaddySimHub.Logger::Error(System.String)
FNDA:0,System.Void HaddySimHub.Logger::Error(System.String)
DA:16,0
FN:18,System.Void HaddySimHub.Logger::Fatal(System.String)
FNDA:0,System.Void HaddySimHub.Logger::Fatal(System.String)
DA:19,0
FN:21,System.Void HaddySimHub.Logger::Info(System.String)
FNDA:0,System.Void HaddySimHub.Logger::Info(System.String)
DA:22,0
FN:23,System.Void HaddySimHub.Logger::LogData(System.Object)
FNDA:0,System.Void HaddySimHub.Logger::LogData(System.Object)
DA:24,0
FN:26,System.Void HaddySimHub.Logger::Setup()
FNDA:0,System.Void HaddySimHub.Logger::Setup()
DA:27,0
DA:29,0
DA:31,0
DA:33,0
DA:34,0
DA:35,0
DA:36,0
DA:37,0
DA:38,0
DA:39,0
DA:40,0
DA:41,0
DA:42,0
DA:44,0
DA:45,0
DA:47,0
DA:48,0
DA:49,0
DA:50,0
DA:51,0
DA:53,0
DA:54,0
DA:55,0
DA:56,0
DA:57,0
DA:58,0
DA:59,0
DA:62,0
DA:63,0
DA:64,0
DA:65,0
DA:66,0
DA:68,0
DA:69,0
DA:70,0
DA:71,0
DA:72,0
DA:73,0
DA:75,0
DA:76,0
BRDA:37,63,0,0
BRDA:37,63,1,0
BRDA:44,112,0,0
BRDA:44,112,1,0
BRDA:68,257,0,0
BRDA:68,257,1,0
FN:9,System.Void HaddySimHub.Logger::.cctor()
FNDA:0,System.Void HaddySimHub.Logger::.cctor()
DA:10,0
LF:46
LH:0
BRF:6
BRH:0
FNF:7
FNH:0
end_of_record
SF:C:\0Code\HaddySimHub\HaddySimHub\Updater.cs
FN:37,System.Void HaddySimHub.Updater::Update()
FNDA:0,System.Void HaddySimHub.Updater::Update()
DA:38,0
DA:39,0
DA:40,0
DA:41,0
DA:42,0
DA:43,0
DA:45,0
DA:47,0
DA:49,0
DA:50,0
DA:51,0
DA:52,0
DA:55,0
DA:56,0
DA:57,0
DA:59,0
DA:60,0
DA:61,0
DA:62,0
DA:63,0
DA:64,0
DA:65,0
DA:66,0
DA:68,0
DA:69,0
DA:70,0
DA:71,0
DA:72,0
DA:76,0
DA:77,0
DA:78,0
DA:79,0
DA:80,0
DA:81,0
DA:82,0
DA:83,0
DA:84,0
BRDA:40,15,0,0
BRDA:40,15,1,0
BRDA:49,63,0,0
BRDA:49,63,1,0
BRDA:55,271,1,0
BRDA:55,271,0,0
BRDA:69,301,0,0
BRDA:69,301,1,0
FN:9,System.Void HaddySimHub.Updater/<UpdateAvailable>d__0::MoveNext()
FNDA:0,System.Void HaddySimHub.Updater/<UpdateAvailable>d__0::MoveNext()
DA:10,0
DA:12,0
DA:13,0
DA:15,0
DA:16,0
DA:18,0
DA:19,0
DA:21,0
DA:22,0
DA:24,0
DA:25,0
DA:26,0
DA:27,0
DA:28,0
DA:29,0
DA:32,0
DA:33,0
DA:34,0
DA:35,0
BRDA:12,26,0,0
BRDA:12,26,1,0
BRDA:13,58,0,0
BRDA:13,58,1,0
BRDA:24,321,0,0
BRDA:24,321,1,0
BRDA:25,344,0,0
BRDA:25,352,0,0
BRDA:25,344,1,0
BRDA:25,352,1,0
BRDA:26,389,0,0
BRDA:26,389,1,0
BRDA:33,443,0,0
BRDA:33,443,1,0
LF:56
LH:0
BRF:22
BRH:0
FNF:2
FNH:0
end_of_record
SF:C:\0Code\HaddySimHub\HaddySimHub\Services\DisplayUpdateSender.cs
FN:10,System.Void HaddySimHub.Services.DisplayUpdateSender::.ctor(HaddySimHub.Interfaces.IHubService)
FNDA:13,System.Void HaddySimHub.Services.DisplayUpdateSender::.ctor(HaddySimHub.Interfaces.IHubService)
DA:11,13
DA:12,13
DA:13,13
DA:14,13
BRDA:13,11,0,0
BRDA:13,11,1,13
FN:16,System.Void HaddySimHub.Services.DisplayUpdateSender/<SendDisplayUpdate>d__2::MoveNext()
FNDA:0,System.Void HaddySimHub.Services.DisplayUpdateSender/<SendDisplayUpdate>d__2::MoveNext()
DA:17,0
DA:18,0
DA:19,0
LF:7
LH:4
BRF:2
BRH:1
FNF:2
FNH:1
end_of_record
SF:C:\0Code\HaddySimHub\HaddySimHub\Services\HubService.cs
FN:10,System.Void HaddySimHub.Services.HubService::.ctor(Microsoft.AspNetCore.SignalR.IHubContext`1<HaddySimHub.GameDataHub>)
FNDA:0,System.Void HaddySimHub.Services.HubService::.ctor(Microsoft.AspNetCore.SignalR.IHubContext`1<HaddySimHub.GameDataHub>)
DA:11,0
DA:12,0
DA:13,0
DA:14,0
BRDA:13,11,0,0
BRDA:13,11,1,0
FN:16,System.Void HaddySimHub.Services.HubService/<SendDisplayUpdateAsync>d__2::MoveNext()
FNDA:0,System.Void HaddySimHub.Services.HubService/<SendDisplayUpdateAsync>d__2::MoveNext()
DA:17,0
DA:18,0
DA:19,0
DA:20,0
BRDA:18,29,0,0
BRDA:18,29,1,0
LF:8
LH:0
BRF:4
BRH:0
FNF:2
FNH:0
end_of_record
SF:C:\0Code\HaddySimHub\HaddySimHub\Services\IdentityDataConverter.cs
FN:7,T HaddySimHub.Services.IdentityDataConverter`1::Convert(T)
FNDA:0,T HaddySimHub.Services.IdentityDataConverter`1::Convert(T)
DA:8,0
DA:9,0
DA:10,0
LF:3
LH:0
BRF:0
BRH:0
FNF:1
FNH:0
end_of_record
SF:C:\0Code\HaddySimHub\HaddySimHub\Models\DisplayUpdate.cs
FN:4,HaddySimHub.Models.DisplayType HaddySimHub.Models.DisplayUpdate::get_Type()
FNDA:163,HaddySimHub.Models.DisplayType HaddySimHub.Models.DisplayUpdate::get_Type()
DA:5,163
FN:5,System.Object HaddySimHub.Models.DisplayUpdate::get_Data()
FNDA:312,System.Object HaddySimHub.Models.DisplayUpdate::get_Data()
DA:6,312
LF:2
LH:2
BRF:0
BRH:0
FNF:2
FNH:2
end_of_record
SF:C:\0Code\HaddySimHub\HaddySimHub\Models\RaceData.cs
FN:5,System.String HaddySimHub.Models.RaceData::get_SessionType()
FNDA:122,System.String HaddySimHub.Models.RaceData::get_SessionType()
DA:6,122
FN:7,System.Boolean HaddySimHub.Models.RaceData::get_IsLimitedTime()
FNDA:58,System.Boolean HaddySimHub.Models.RaceData::get_IsLimitedTime()
DA:8,58
FN:9,System.Boolean HaddySimHub.Models.RaceData::get_IsLimitedSessionLaps()
FNDA:58,System.Boolean HaddySimHub.Models.RaceData::get_IsLimitedSessionLaps()
DA:10,58
FN:11,System.Int32 HaddySimHub.Models.RaceData::get_CurrentLap()
FNDA:60,System.Int32 HaddySimHub.Models.RaceData::get_CurrentLap()
DA:12,60
FN:13,System.Int32 HaddySimHub.Models.RaceData::get_TotalLaps()
FNDA:60,System.Int32 HaddySimHub.Models.RaceData::get_TotalLaps()
DA:14,60
FN:15,System.Single HaddySimHub.Models.RaceData::get_SessionTimeRemaining()
FNDA:58,System.Single HaddySimHub.Models.RaceData::get_SessionTimeRemaining()
DA:16,58
FN:17,System.Int32 HaddySimHub.Models.RaceData::get_Position()
FNDA:59,System.Int32 HaddySimHub.Models.RaceData::get_Position()
DA:18,59
FN:19,System.Int32 HaddySimHub.Models.RaceData::get_Speed()
FNDA:63,System.Int32 HaddySimHub.Models.RaceData::get_Speed()
DA:20,63
FN:21,System.String HaddySimHub.Models.RaceData::get_Gear()
FNDA:68,System.String HaddySimHub.Models.RaceData::get_Gear()
DA:22,68
FN:23,System.Int32 HaddySimHub.Models.RaceData::get_Rpm()
FNDA:62,System.Int32 HaddySimHub.Models.RaceData::get_Rpm()
DA:24,62
FN:25,System.Int32 HaddySimHub.Models.RaceData::get_RpmMax()
FNDA:58,System.Int32 HaddySimHub.Models.RaceData::get_RpmMax()
DA:26,58
FN:27,System.Single HaddySimHub.Models.RaceData::get_TrackTemp()
FNDA:61,System.Single HaddySimHub.Models.RaceData::get_TrackTemp()
DA:28,61
FN:29,System.Single HaddySimHub.Models.RaceData::get_AirTemp()
FNDA:61,System.Single HaddySimHub.Models.RaceData::get_AirTemp()
DA:30,61
FN:31,System.Single HaddySimHub.Models.RaceData::get_FuelRemaining()
FNDA:59,System.Single HaddySimHub.Models.RaceData::get_FuelRemaining()
DA:32,59
FN:33,System.Single HaddySimHub.Models.RaceData::get_FuelAvgLap()
FNDA:59,System.Single HaddySimHub.Models.RaceData::get_FuelAvgLap()
DA:34,59
FN:35,System.Single HaddySimHub.Models.RaceData::get_FuelLastLap()
FNDA:58,System.Single HaddySimHub.Models.RaceData::get_FuelLastLap()
DA:36,58
FN:37,System.Single HaddySimHub.Models.RaceData::get_FuelEstLaps()
FNDA:61,System.Single HaddySimHub.Models.RaceData::get_FuelEstLaps()
DA:38,61
FN:39,System.Single HaddySimHub.Models.RaceData::get_CurrentLapTime()
FNDA:59,System.Single HaddySimHub.Models.RaceData::get_CurrentLapTime()
DA:40,59
FN:41,System.Single HaddySimHub.Models.RaceData::get_LastLapTime()
FNDA:58,System.Single HaddySimHub.Models.RaceData::get_LastLapTime()
DA:42,58
FN:43,System.Single HaddySimHub.Models.RaceData::get_LastLapTimeDelta()
FNDA:58,System.Single HaddySimHub.Models.RaceData::get_LastLapTimeDelta()
DA:44,58
FN:45,System.Single HaddySimHub.Models.RaceData::get_BestLapTime()
FNDA:58,System.Single HaddySimHub.Models.RaceData::get_BestLapTime()
DA:46,58
FN:47,System.Single HaddySimHub.Models.RaceData::get_BestLapTimeDelta()
FNDA:58,System.Single HaddySimHub.Models.RaceData::get_BestLapTimeDelta()
DA:48,58
FN:49,System.Int32 HaddySimHub.Models.RaceData::get_ClutchPct()
FNDA:58,System.Int32 HaddySimHub.Models.RaceData::get_ClutchPct()
DA:50,58
FN:51,System.Int32 HaddySimHub.Models.RaceData::get_ThrottlePct()
FNDA:61,System.Int32 HaddySimHub.Models.RaceData::get_ThrottlePct()
DA:52,61
FN:53,System.Int32 HaddySimHub.Models.RaceData::get_BrakePct()
FNDA:59,System.Int32 HaddySimHub.Models.RaceData::get_BrakePct()
DA:54,59
FN:55,System.Boolean HaddySimHub.Models.RaceData::get_PitLimiterOn()
FNDA:60,System.Boolean HaddySimHub.Models.RaceData::get_PitLimiterOn()
DA:56,60
FN:57,System.String HaddySimHub.Models.RaceData::get_CarNumber()
FNDA:58,System.String HaddySimHub.Models.RaceData::get_CarNumber()
DA:58,58
FN:59,System.Int32 HaddySimHub.Models.RaceData::get_SteeringPct()
FNDA:65,System.Int32 HaddySimHub.Models.RaceData::get_SteeringPct()
DA:60,65
FN:63,System.Nullable`1<System.Single> HaddySimHub.Models.RaceData::get_BrakeBias()
FNDA:31,System.Nullable`1<System.Single> HaddySimHub.Models.RaceData::get_BrakeBias()
DA:64,31
FN:66,System.Nullable`1<System.Int32> HaddySimHub.Models.RaceData::get_StrengthOfField()
FNDA:30,System.Nullable`1<System.Int32> HaddySimHub.Models.RaceData::get_StrengthOfField()
DA:67,30
FN:69,System.Nullable`1<System.Int64> HaddySimHub.Models.RaceData::get_Incidents()
FNDA:32,System.Nullable`1<System.Int64> HaddySimHub.Models.RaceData::get_Incidents()
DA:70,32
FN:72,System.Nullable`1<System.Int64> HaddySimHub.Models.RaceData::get_MaxIncidents()
FNDA:30,System.Nullable`1<System.Int64> HaddySimHub.Models.RaceData::get_MaxIncidents()
DA:73,30
FN:75,System.Nullable`1<System.Int32> HaddySimHub.Models.RaceData::get_IRating()
FNDA:0,System.Nullable`1<System.Int32> HaddySimHub.Models.RaceData::get_IRating()
DA:76,0
FN:78,System.Nullable`1<System.Int32> HaddySimHub.Models.RaceData::get_SafetyRating()
FNDA:30,System.Nullable`1<System.Int32> HaddySimHub.Models.RaceData::get_SafetyRating()
DA:79,30
FN:81,System.Nullable`1<System.Int32> HaddySimHub.Models.RaceData::get_Penalties()
FNDA:0,System.Nullable`1<System.Int32> HaddySimHub.Models.RaceData::get_Penalties()
DA:82,0
FN:84,System.Nullable`1<System.Int32> HaddySimHub.Models.RaceData::get_PenaltyTime()
FNDA:0,System.Nullable`1<System.Int32> HaddySimHub.Models.RaceData::get_PenaltyTime()
DA:85,0
FN:87,System.Nullable`1<System.Int32> HaddySimHub.Models.RaceData::get_DrsRemaining()
FNDA:0,System.Nullable`1<System.Int32> HaddySimHub.Models.RaceData::get_DrsRemaining()
DA:88,0
FN:90,System.Nullable`1<System.Boolean> HaddySimHub.Models.RaceData::get_DrsEnabled()
FNDA:0,System.Nullable`1<System.Boolean> HaddySimHub.Models.RaceData::get_DrsEnabled()
DA:91,0
FN:93,System.Nullable`1<System.Int32> HaddySimHub.Models.RaceData::get_BrakeTempLeft()
FNDA:0,System.Nullable`1<System.Int32> HaddySimHub.Models.RaceData::get_BrakeTempLeft()
DA:94,0
FN:96,System.Nullable`1<System.Int32> HaddySimHub.Models.RaceData::get_BrakeTempRight()
FNDA:0,System.Nullable`1<System.Int32> HaddySimHub.Models.RaceData::get_BrakeTempRight()
DA:97,0
FN:99,System.String HaddySimHub.Models.RaceData::get_TyreCompound()
FNDA:0,System.String HaddySimHub.Models.RaceData::get_TyreCompound()
DA:100,0
LF:41
LH:33
BRF:0
BRH:0
FNF:41
FNH:33
end_of_record
SF:C:\0Code\HaddySimHub\HaddySimHub\Models\RallyData.cs
FN:7,System.Int32 HaddySimHub.Models.RallyData::get_Speed()
FNDA:49,System.Int32 HaddySimHub.Models.RallyData::get_Speed()
DA:8,49
FN:9,System.String HaddySimHub.Models.RallyData::get_Gear()
FNDA:49,System.String HaddySimHub.Models.RallyData::get_Gear()
DA:10,49
FN:11,System.Int32 HaddySimHub.Models.RallyData::get_Rpm()
FNDA:44,System.Int32 HaddySimHub.Models.RallyData::get_Rpm()
DA:12,44
FN:13,System.Int32 HaddySimHub.Models.RallyData::get_RpmMax()
FNDA:43,System.Int32 HaddySimHub.Models.RallyData::get_RpmMax()
DA:14,43
FN:15,System.Int32 HaddySimHub.Models.RallyData::get_DistanceTravelled()
FNDA:44,System.Int32 HaddySimHub.Models.RallyData::get_DistanceTravelled()
DA:16,44
FN:17,System.Int32 HaddySimHub.Models.RallyData::get_CompletedPct()
FNDA:48,System.Int32 HaddySimHub.Models.RallyData::get_CompletedPct()
DA:18,48
FN:22,System.Single HaddySimHub.Models.RallyData::get_Sector1Time()
FNDA:44,System.Single HaddySimHub.Models.RallyData::get_Sector1Time()
DA:23,44
FN:27,System.Single HaddySimHub.Models.RallyData::get_Sector2Time()
FNDA:44,System.Single HaddySimHub.Models.RallyData::get_Sector2Time()
DA:28,44
FN:32,System.Single HaddySimHub.Models.RallyData::get_LapTime()
FNDA:44,System.Single HaddySimHub.Models.RallyData::get_LapTime()
DA:33,44
FN:34,System.Int32 HaddySimHub.Models.RallyData::get_Position()
FNDA:44,System.Int32 HaddySimHub.Models.RallyData::get_Position()
DA:35,44
LF:10
LH:10
BRF:0
BRH:0
FNF:10
FNH:10
end_of_record
SF:C:\0Code\HaddySimHub\HaddySimHub\Models\TruckData.cs
FN:4,System.String HaddySimHub.Models.TruckData::get_DestinationCity()
FNDA:117,System.String HaddySimHub.Models.TruckData::get_DestinationCity()
DA:5,117
FN:6,System.String HaddySimHub.Models.TruckData::get_DestinationCompany()
FNDA:117,System.String HaddySimHub.Models.TruckData::get_DestinationCompany()
DA:7,117
FN:8,System.String HaddySimHub.Models.TruckData::get_SourceCity()
FNDA:117,System.String HaddySimHub.Models.TruckData::get_SourceCity()
DA:9,117
FN:10,System.String HaddySimHub.Models.TruckData::get_SourceCompany()
FNDA:117,System.String HaddySimHub.Models.TruckData::get_SourceCompany()
DA:11,117
FN:15,System.Single HaddySimHub.Models.TruckData::get_DistanceRemaining()
FNDA:59,System.Single HaddySimHub.Models.TruckData::get_DistanceRemaining()
DA:16,59
FN:20,System.Int32 HaddySimHub.Models.TruckData::get_TimeRemaining()
FNDA:59,System.Int32 HaddySimHub.Models.TruckData::get_TimeRemaining()
DA:21,59
FN:25,System.Int32 HaddySimHub.Models.TruckData::get_TimeRemainingIrl()
FNDA:58,System.Int32 HaddySimHub.Models.TruckData::get_TimeRemainingIrl()
DA:26,58
FN:28,System.UInt64 HaddySimHub.Models.TruckData::get_GameTime()
FNDA:58,System.UInt64 HaddySimHub.Models.TruckData::get_GameTime()
DA:29,58
FN:35,System.Int32 HaddySimHub.Models.TruckData::get_RestTimeRemaining()
FNDA:59,System.Int32 HaddySimHub.Models.TruckData::get_RestTimeRemaining()
DA:36,59
FN:40,System.Int32 HaddySimHub.Models.TruckData::get_RestTimeRemainingIrl()
FNDA:58,System.Int32 HaddySimHub.Models.TruckData::get_RestTimeRemainingIrl()
DA:41,58
FN:48,System.Single HaddySimHub.Models.TruckData::get_FuelDistance()
FNDA:59,System.Single HaddySimHub.Models.TruckData::get_FuelDistance()
DA:49,59
FN:53,System.Single HaddySimHub.Models.TruckData::get_FuelAmount()
FNDA:59,System.Single HaddySimHub.Models.TruckData::get_FuelAmount()
DA:54,59
FN:58,System.Single HaddySimHub.Models.TruckData::get_AdBlueAmount()
FNDA:58,System.Single HaddySimHub.Models.TruckData::get_AdBlueAmount()
DA:59,58
FN:60,System.Boolean HaddySimHub.Models.TruckData::get_AdBlueWarningOn()
FNDA:60,System.Boolean HaddySimHub.Models.TruckData::get_AdBlueWarningOn()
DA:61,60
FN:67,System.Int64 HaddySimHub.Models.TruckData::get_JobTimeRemaining()
FNDA:58,System.Int64 HaddySimHub.Models.TruckData::get_JobTimeRemaining()
DA:68,58
FN:72,System.Int64 HaddySimHub.Models.TruckData::get_JobTimeRemainingIrl()
FNDA:58,System.Int64 HaddySimHub.Models.TruckData::get_JobTimeRemainingIrl()
DA:73,58
FN:77,System.UInt64 HaddySimHub.Models.TruckData::get_JobIncome()
FNDA:59,System.UInt64 HaddySimHub.Models.TruckData::get_JobIncome()
DA:78,59
FN:79,System.String HaddySimHub.Models.TruckData::get_JobCargoName()
FNDA:116,System.String HaddySimHub.Models.TruckData::get_JobCargoName()
DA:80,116
FN:81,System.Int32 HaddySimHub.Models.TruckData::get_JobCargoMass()
FNDA:59,System.Int32 HaddySimHub.Models.TruckData::get_JobCargoMass()
DA:82,59
FN:83,System.Int32 HaddySimHub.Models.TruckData::get_JobCargoDamage()
FNDA:59,System.Int32 HaddySimHub.Models.TruckData::get_JobCargoDamage()
DA:84,59
FN:86,System.Int32 HaddySimHub.Models.TruckData::get_DamageTruckCabin()
FNDA:59,System.Int32 HaddySimHub.Models.TruckData::get_DamageTruckCabin()
DA:87,59
FN:88,System.Int32 HaddySimHub.Models.TruckData::get_DamageTruckTransmission()
FNDA:58,System.Int32 HaddySimHub.Models.TruckData::get_DamageTruckTransmission()
DA:89,58
FN:90,System.Int32 HaddySimHub.Models.TruckData::get_DamageTruckWheels()
FNDA:58,System.Int32 HaddySimHub.Models.TruckData::get_DamageTruckWheels()
DA:91,58
FN:92,System.Int32 HaddySimHub.Models.TruckData::get_DamageTruckEngine()
FNDA:59,System.Int32 HaddySimHub.Models.TruckData::get_DamageTruckEngine()
DA:93,59
FN:94,System.Int32 HaddySimHub.Models.TruckData::get_DamageTruckChassis()
FNDA:58,System.Int32 HaddySimHub.Models.TruckData::get_DamageTruckChassis()
DA:95,58
FN:96,System.Int32 HaddySimHub.Models.TruckData::get_DamageTrailerChassis()
FNDA:58,System.Int32 HaddySimHub.Models.TruckData::get_DamageTrailerChassis()
DA:97,58
FN:98,System.Int32 HaddySimHub.Models.TruckData::get_DamageTrailerCargo()
FNDA:58,System.Int32 HaddySimHub.Models.TruckData::get_DamageTrailerCargo()
DA:99,58
FN:100,System.Int32 HaddySimHub.Models.TruckData::get_DamageTrailerWheels()
FNDA:58,System.Int32 HaddySimHub.Models.TruckData::get_DamageTrailerWheels()
DA:101,58
FN:102,System.Int32 HaddySimHub.Models.TruckData::get_DamageTrailerBody()
FNDA:58,System.Int32 HaddySimHub.Models.TruckData::get_DamageTrailerBody()
DA:103,58
FN:108,System.Int16 HaddySimHub.Models.TruckData::get_Speed()
FNDA:60,System.Int16 HaddySimHub.Models.TruckData::get_Speed()
DA:109,60
FN:113,System.Int16 HaddySimHub.Models.TruckData::get_SpeedLimit()
FNDA:59,System.Int16 HaddySimHub.Models.TruckData::get_SpeedLimit()
DA:114,59
FN:118,System.Int32 HaddySimHub.Models.TruckData::get_Rpm()
FNDA:59,System.Int32 HaddySimHub.Models.TruckData::get_Rpm()
DA:119,59
FN:123,System.Int32 HaddySimHub.Models.TruckData::get_RpmMax()
FNDA:59,System.Int32 HaddySimHub.Models.TruckData::get_RpmMax()
DA:124,59
FN:128,System.String HaddySimHub.Models.TruckData::get_Gear()
FNDA:65,System.String HaddySimHub.Models.TruckData::get_Gear()
DA:129,65
FN:133,System.Boolean HaddySimHub.Models.TruckData::get_CruiseControlOn()
FNDA:60,System.Boolean HaddySimHub.Models.TruckData::get_CruiseControlOn()
DA:134,60
FN:138,System.Int16 HaddySimHub.Models.TruckData::get_CruiseControlSpeed()
FNDA:59,System.Int16 HaddySimHub.Models.TruckData::get_CruiseControlSpeed()
DA:139,59
FN:143,System.Boolean HaddySimHub.Models.TruckData::get_ParkingLightsOn()
FNDA:60,System.Boolean HaddySimHub.Models.TruckData::get_ParkingLightsOn()
DA:144,60
FN:148,System.Boolean HaddySimHub.Models.TruckData::get_LowBeamOn()
FNDA:60,System.Boolean HaddySimHub.Models.TruckData::get_LowBeamOn()
DA:149,60
FN:153,System.Boolean HaddySimHub.Models.TruckData::get_HighBeamOn()
FNDA:60,System.Boolean HaddySimHub.Models.TruckData::get_HighBeamOn()
DA:154,60
FN:158,System.Boolean HaddySimHub.Models.TruckData::get_ParkingBrakeOn()
FNDA:60,System.Boolean HaddySimHub.Models.TruckData::get_ParkingBrakeOn()
DA:159,60
FN:163,System.Boolean HaddySimHub.Models.TruckData::get_BatteryVoltageWarningOn()
FNDA:60,System.Boolean HaddySimHub.Models.TruckData::get_BatteryVoltageWarningOn()
DA:164,60
FN:165,System.Single HaddySimHub.Models.TruckData::get_BatteryVoltage()
FNDA:59,System.Single HaddySimHub.Models.TruckData::get_BatteryVoltage()
DA:166,59
FN:167,System.Boolean HaddySimHub.Models.TruckData::get_HazardLightsOn()
FNDA:60,System.Boolean HaddySimHub.Models.TruckData::get_HazardLightsOn()
DA:168,60
FN:169,System.Boolean HaddySimHub.Models.TruckData::get_OilPressureWarningOn()
FNDA:60,System.Boolean HaddySimHub.Models.TruckData::get_OilPressureWarningOn()
DA:170,60
FN:171,System.Boolean HaddySimHub.Models.TruckData::get_FuelWarningOn()
FNDA:60,System.Boolean HaddySimHub.Models.TruckData::get_FuelWarningOn()
DA:172,60
FN:173,System.Boolean HaddySimHub.Models.TruckData::get_BlinkerLeftOn()
FNDA:60,System.Boolean HaddySimHub.Models.TruckData::get_BlinkerLeftOn()
DA:174,60
FN:175,System.Boolean HaddySimHub.Models.TruckData::get_BlinkerRightOn()
FNDA:60,System.Boolean HaddySimHub.Models.TruckData::get_BlinkerRightOn()
DA:176,60
FN:180,System.String HaddySimHub.Models.TruckData::get_TruckName()
FNDA:116,System.String HaddySimHub.Models.TruckData::get_TruckName()
DA:181,116
FN:182,System.Int32 HaddySimHub.Models.TruckData::get_NumberOfTrailersAttached()
FNDA:58,System.Int32 HaddySimHub.Models.TruckData::get_NumberOfTrailersAttached()
DA:183,58
FN:184,System.Boolean HaddySimHub.Models.TruckData::get_WipersOn()
FNDA:58,System.Boolean HaddySimHub.Models.TruckData::get_WipersOn()
DA:185,58
FN:189,System.Single HaddySimHub.Models.TruckData::get_FuelAverageConsumption()
FNDA:59,System.Single HaddySimHub.Models.TruckData::get_FuelAverageConsumption()
DA:190,59
FN:194,System.Int32 HaddySimHub.Models.TruckData::get_Throttle()
FNDA:61,System.Int32 HaddySimHub.Models.TruckData::get_Throttle()
DA:195,61
FN:200,System.Boolean HaddySimHub.Models.TruckData::get_DifferentialLock()
FNDA:58,System.Boolean HaddySimHub.Models.TruckData::get_DifferentialLock()
DA:201,58
FN:206,System.Single HaddySimHub.Models.TruckData::get_OilPressure()
FNDA:59,System.Single HaddySimHub.Models.TruckData::get_OilPressure()
DA:207,59
FN:211,System.Single HaddySimHub.Models.TruckData::get_OilTemp()
FNDA:59,System.Single HaddySimHub.Models.TruckData::get_OilTemp()
DA:212,59
FN:216,System.Single HaddySimHub.Models.TruckData::get_WaterTemp()
FNDA:59,System.Single HaddySimHub.Models.TruckData::get_WaterTemp()
DA:217,59
FN:218,System.Boolean HaddySimHub.Models.TruckData::get_WaterTempWarningOn()
FNDA:60,System.Boolean HaddySimHub.Models.TruckData::get_WaterTempWarningOn()
DA:219,60
FN:219,System.UInt32 HaddySimHub.Models.TruckData::get_RetarderLevel()
FNDA:59,System.UInt32 HaddySimHub.Models.TruckData::get_RetarderLevel()
DA:220,59
FN:220,System.UInt32 HaddySimHub.Models.TruckData::get_RetarderStepCount()
FNDA:59,System.UInt32 HaddySimHub.Models.TruckData::get_RetarderStepCount()
DA:221,59
LF:59
LH:59
BRF:0
BRH:0
FNF:59
FNH:59
end_of_record
SF:C:\0Code\HaddySimHub\HaddySimHub\Extensions\DisplayRegistrationExtensions.cs
FN:26,Microsoft.Extensions.DependencyInjection.IServiceCollection HaddySimHub.Extensions.DisplayRegistrationExtensions::RegisterGameDisplay(Microsoft.Extensions.DependencyInjection.IServiceCollection,System.Type,System.String)
FNDA:0,Microsoft.Extensions.DependencyInjection.IServiceCollection HaddySimHub.Extensions.DisplayRegistrationExtensions::RegisterGameDisplay(Microsoft.Extensions.DependencyInjection.IServiceCollection,System.Type,System.String)
DA:27,0
DA:29,0
DA:32,0
DA:35,0
DA:36,0
DA:38,0
DA:39,0
LF:7
LH:0
BRF:0
BRH:0
FNF:1
FNH:0
end_of_record
SF:C:\0Code\HaddySimHub\HaddySimHub\Displays\DisplayBase.cs
FN:27,System.Void HaddySimHub.Displays.DisplayBase`1::Start()
FNDA:0,System.Void HaddySimHub.Displays.DisplayBase`1::Start()
DA:28,0
DA:29,0
DA:30,0
DA:31,0
FN:33,System.Void HaddySimHub.Displays.DisplayBase`1::Stop()
FNDA:0,System.Void HaddySimHub.Displays.DisplayBase`1::Stop()
DA:34,0
DA:35,0
DA:36,0
DA:37,0
FN:39,System.Void HaddySimHub.Displays.DisplayBase`1::HandleDataReceived(System.Object,T)
FNDA:0,System.Void HaddySimHub.Displays.DisplayBase`1::HandleDataReceived(System.Object,T)
DA:40,0
DA:41,0
DA:42,0
FN:16,System.Void HaddySimHub.Displays.DisplayBase`1::.ctor(HaddySimHub.Interfaces.IGameDataProvider`1<T>,HaddySimHub.Interfaces.IDataConverter`2<T,HaddySimHub.Models.DisplayUpdate>,HaddySimHub.Interfaces.IDisplayUpdateSender)
FNDA:28,System.Void HaddySimHub.Displays.DisplayBase`1::.ctor(HaddySimHub.Interfaces.IGameDataProvider`1<T>,HaddySimHub.Interfaces.IDataConverter`2<T,HaddySimHub.Models.DisplayUpdate>,HaddySimHub.Interfaces.IDisplayUpdateSender)
DA:17,28
DA:18,28
DA:19,28
DA:20,28
DA:21,28
DA:22,28
DA:23,28
DA:24,28
DA:25,28
BRDA:22,11,0,0
BRDA:22,11,1,28
BRDA:23,33,0,0
BRDA:23,33,1,28
BRDA:24,55,0,0
BRDA:24,55,1,28
FN:44,System.Void HaddySimHub.Displays.DisplayBase`1/<HandleDataReceivedAsync>d__11::MoveNext()
FNDA:0,System.Void HaddySimHub.Displays.DisplayBase`1/<HandleDataReceivedAsync>d__11::MoveNext()
DA:45,0
DA:47,0
DA:48,0
DA:49,0
DA:50,0
DA:51,0
DA:52,0
DA:53,0
DA:54,0
DA:55,0
LF:30
LH:9
BRF:6
BRH:3
FNF:5
FNH:1
end_of_record
SF:C:\0Code\HaddySimHub\HaddySimHub\Displays\DisplayFactory.cs
FN:31,HaddySimHub.Displays.IDisplay HaddySimHub.Displays.DisplayFactory::Create(System.String)
FNDA:16,HaddySimHub.Displays.IDisplay HaddySimHub.Displays.DisplayFactory::Create(System.String)
DA:32,16
DA:33,16
DA:34,16
DA:35,16
DA:36,1
DA:37,1
DA:38,1
DA:39,1
DA:40,1
DA:41,1
DA:42,1
DA:43,1
DA:44,1
DA:45,0
DA:46,0
DA:47,0
DA:48,0
DA:49,0
DA:50,0
DA:51,0
DA:52,0
DA:53,0
DA:54,16
DA:55,16
DA:56,4
DA:57,4
DA:58,4
DA:59,4
DA:60,4
DA:61,4
DA:62,4
DA:63,4
DA:64,4
DA:65,4
DA:66,4
DA:67,4
DA:68,16
DA:69,1
DA:70,16
DA:71,15
BRDA:33,18,0,9
BRDA:33,26,0,5
BRDA:33,34,0,1
BRDA:33,26,1,4
BRDA:33,60,0,4
BRDA:33,18,1,7
BRDA:33,89,0,1
BRDA:33,97,0,1
BRDA:33,89,1,6
BRDA:33,120,0,6
BRDA:33,133,0,2
BRDA:33,47,1,1
BRDA:33,107,1,1
BRDA:33,146,1,1
BRDA:33,97,1,0
BRDA:33,60,1,0
BRDA:33,120,1,0
BRDA:33,133,1,4
BRDA:33,73,1,4
BRDA:33,34,1,4
BRDA:33,164,1,1
BRDA:33,185,1,1
BRDA:33,206,1,1
BRDA:33,227,1,0
BRDA:33,248,1,0
BRDA:33,269,1,0
BRDA:33,290,1,4
BRDA:33,311,1,4
BRDA:33,332,1,4
BRDA:33,47,0,1
BRDA:33,73,0,1
BRDA:33,107,0,1
BRDA:33,146,0,1
BRDA:33,164,0,1
BRDA:33,185,0,1
BRDA:33,206,0,1
BRDA:33,227,0,1
BRDA:33,248,0,1
BRDA:33,269,0,1
BRDA:33,290,0,1
BRDA:33,311,0,1
BRDA:33,332,0,1
FN:76,HaddySimHub.Displays.IDisplay HaddySimHub.Displays.DisplayFactory::CreateGameDisplay(System.String,System.String)
FNDA:3,HaddySimHub.Displays.IDisplay HaddySimHub.Displays.DisplayFactory::CreateGameDisplay(System.String,System.String)
DA:77,3
DA:78,3
DA:79,3
DA:80,3
DA:82,3
DA:83,3
FN:24,System.Void HaddySimHub.Displays.DisplayFactory::.ctor(System.IServiceProvider,Microsoft.Extensions.Options.IOptions`1<HaddySimHub.Displays.TestDisplayOptions>)
FNDA:12,System.Void HaddySimHub.Displays.DisplayFactory::.ctor(System.IServiceProvider,Microsoft.Extensions.Options.IOptions`1<HaddySimHub.Displays.TestDisplayOptions>)
DA:25,12
DA:26,12
DA:27,12
DA:28,12
DA:29,12
BRDA:27,11,0,0
BRDA:27,11,1,12
BRDA:28,33,0,0
BRDA:28,33,1,12
LF:51
LH:42
BRF:46
BRH:38
FNF:3
FNH:3
end_of_record
SF:C:\0Code\HaddySimHub\HaddySimHub\Displays\SCSSdkTelemetryFactory.cs
FN:8,SCSSdkClient.SCSSdkTelemetry HaddySimHub.Displays.SCSSdkTelemetryFactory::Create()
FNDA:0,SCSSdkClient.SCSSdkTelemetry HaddySimHub.Displays.SCSSdkTelemetryFactory::Create()
DA:9,0
DA:10,0
DA:11,0
LF:3
LH:0
BRF:0
BRH:0
FNF:1
FNH:0
end_of_record
SF:C:\0Code\HaddySimHub\HaddySimHub\Displays\SharedMemoryGameDataProviderBase.cs
FN:14,TReader HaddySimHub.Displays.SharedMemoryGameDataProviderBase`2::get_Reader()
FNDA:0,TReader HaddySimHub.Displays.SharedMemoryGameDataProviderBase`2::get_Reader()
DA:15,0
FN:15,System.Threading.Timer HaddySimHub.Displays.SharedMemoryGameDataProviderBase`2::get_UpdateTimer()
FNDA:0,System.Threading.Timer HaddySimHub.Displays.SharedMemoryGameDataProviderBase`2::get_UpdateTimer()
DA:16,0
FN:16,TTelemetry HaddySimHub.Displays.SharedMemoryGameDataProviderBase`2::get_LastTelemetry()
FNDA:0,TTelemetry HaddySimHub.Displays.SharedMemoryGameDataProviderBase`2::get_LastTelemetry()
DA:17,0
FN:26,System.Void HaddySimHub.Displays.SharedMemoryGameDataProviderBase`2::Start()
FNDA:0,System.Void HaddySimHub.Displays.SharedMemoryGameDataProviderBase`2::Start()
DA:27,0
DA:28,0
DA:29,0
DA:31,0
DA:32,0
DA:34,0
DA:35,0
DA:36,0
BRDA:31,41,0,0
BRDA:34,51,0,0
BRDA:34,51,1,0
BRDA:31,41,1,0
FN:38,System.Void HaddySimHub.Displays.SharedMemoryGameDataProviderBase`2::Stop()
FNDA:0,System.Void HaddySimHub.Displays.SharedMemoryGameDataProviderBase`2::Stop()
DA:39,0
DA:40,0
DA:41,0
DA:42,0
DA:43,0
BRDA:40,8,0,0
BRDA:40,8,1,0
FN:78,System.Void HaddySimHub.Displays.SharedMemoryGameDataProviderBase`2::UpdateTelemetry(System.Object)
FNDA:0,System.Void HaddySimHub.Displays.SharedMemoryGameDataProviderBase`2::UpdateTelemetry(System.Object)
DA:79,0
DA:80,0
DA:81,0
DA:82,0
DA:85,0
DA:86,0
DA:87,0
DA:88,0
DA:89,0
DA:90,0
DA:91,0
DA:92,0
DA:93,0
BRDA:80,12,0,0
BRDA:80,12,1,0
BRDA:80,34,0,0
BRDA:80,34,1,0
BRDA:85,55,0,0
BRDA:87,73,0,0
BRDA:87,73,1,0
BRDA:85,55,1,0
FN:98,System.Void HaddySimHub.Displays.SharedMemoryGameDataProviderBase`2::OnDataReceived(TTelemetry)
FNDA:0,System.Void HaddySimHub.Displays.SharedMemoryGameDataProviderBase`2::OnDataReceived(TTelemetry)
DA:99,0
DA:100,0
DA:101,0
BRDA:100,8,0,0
BRDA:100,8,1,0
FN:20,System.Void HaddySimHub.Displays.SharedMemoryGameDataProviderBase`2::.ctor()
FNDA:0,System.Void HaddySimHub.Displays.SharedMemoryGameDataProviderBase`2::.ctor()
DA:21,0
DA:22,0
DA:23,0
DA:24,0
LF:36
LH:0
BRF:16
BRH:0
FNF:8
FNH:0
end_of_record
SF:C:\0Code\HaddySimHub\HaddySimHub\Displays\SharedMemoryReader.cs
FN:27,T HaddySimHub.Displays.SharedMemoryReader`1::Read()
FNDA:0,T HaddySimHub.Displays.SharedMemoryReader`1::Read()
DA:28,0
DA:30,0
DA:31,0
DA:33,0
DA:35,0
DA:37,0
DA:38,0
DA:39,0
DA:40,0
DA:41,0
DA:43,0
DA:46,0
DA:48,0
DA:51,0
DA:52,0
DA:54,0
DA:55,0
DA:56,0
DA:57,0
DA:58,0
DA:59,0
DA:60,0
DA:62,0
DA:65,0
DA:67,0
DA:70,0
DA:71,0
DA:73,0
DA:75,0
DA:76,0
DA:77,0
DA:80,0
DA:81,0
DA:82,0
DA:83,0
BRDA:30,12,0,0
BRDA:40,52,0,0
BRDA:40,52,1,0
BRDA:30,12,1,0
BRDA:51,88,0,0
BRDA:59,141,0,0
BRDA:59,141,1,0
BRDA:59,160,0,0
BRDA:59,160,1,0
BRDA:51,88,1,0
BRDA:77,255,0,0
BRDA:77,255,1,0
FN:85,System.Void HaddySimHub.Displays.SharedMemoryReader`1::Dispose()
FNDA:0,System.Void HaddySimHub.Displays.SharedMemoryReader`1::Dispose()
DA:86,0
DA:87,0
DA:88,0
DA:89,0
BRDA:87,8,0,0
BRDA:87,8,1,0
BRDA:88,26,0,0
BRDA:88,26,1,0
FN:21,System.Void HaddySimHub.Displays.SharedMemoryReader`1::.ctor(System.String)
FNDA:0,System.Void HaddySimHub.Displays.SharedMemoryReader`1::.ctor(System.String)
DA:22,0
DA:23,0
DA:24,0
DA:25,0
BRDA:24,11,0,0
BRDA:24,11,1,0
LF:43
LH:0
BRF:18
BRH:0
FNF:3
FNH:0
end_of_record
SF:C:\0Code\HaddySimHub\HaddySimHub\Displays\SimpleGameDisplay.cs
FN:11,System.String HaddySimHub.Displays.SimpleGameDisplay`1::get_Description()
FNDA:0,System.String HaddySimHub.Displays.SimpleGameDisplay`1::get_Description()
DA:12,0
FN:12,System.Boolean HaddySimHub.Displays.SimpleGameDisplay`1::get_IsActive()
FNDA:0,System.Boolean HaddySimHub.Displays.SimpleGameDisplay`1::get_IsActive()
DA:13,0
FN:20,System.Void HaddySimHub.Displays.SimpleGameDisplay`1::.ctor(System.String,System.String,HaddySimHub.Interfaces.IGameDataProvider`1<T>,HaddySimHub.Interfaces.IDataConverter`2<T,HaddySimHub.Models.DisplayUpdate>,HaddySimHub.Interfaces.IDisplayUpdateSender)
FNDA:3,System.Void HaddySimHub.Displays.SimpleGameDisplay`1::.ctor(System.String,System.String,HaddySimHub.Interfaces.IGameDataProvider`1<T>,HaddySimHub.Interfaces.IDataConverter`2<T,HaddySimHub.Models.DisplayUpdate>,HaddySimHub.Interfaces.IDisplayUpdateSender)
DA:21,3
DA:22,3
DA:23,3
DA:24,3
DA:25,3
BRDA:23,16,0,0
BRDA:23,16,1,3
BRDA:24,38,0,0
BRDA:24,38,1,3
LF:7
LH:5
BRF:4
BRH:2
FNF:3
FNH:1
end_of_record
SF:C:\0Code\HaddySimHub\HaddySimHub\Displays\TestDisplayBase.cs
FN:16,System.String HaddySimHub.Displays.TestDisplayBase::get_Description()
FNDA:0,System.String HaddySimHub.Displays.TestDisplayBase::get_Description()
DA:17,0
FN:17,System.Boolean HaddySimHub.Displays.TestDisplayBase::get_IsActive()
FNDA:0,System.Boolean HaddySimHub.Displays.TestDisplayBase::get_IsActive()
DA:18,0
FN:30,System.Void HaddySimHub.Displays.TestDisplayBase::Start()
FNDA:0,System.Void HaddySimHub.Displays.TestDisplayBase::Start()
DA:31,0
DA:32,0
DA:33,0
DA:34,0
DA:35,0
DA:36,0
DA:37,0
DA:38,0
DA:39,0
DA:40,0
DA:41,0
DA:42,0
DA:43,0
DA:44,0
DA:45,0
DA:46,0
DA:47,0
DA:48,0
DA:49,0
DA:50,0
DA:51,0
DA:52,0
DA:55,0
DA:56,0
FN:58,System.Void HaddySimHub.Displays.TestDisplayBase::Stop()
FNDA:0,System.Void HaddySimHub.Displays.TestDisplayBase::Stop()
DA:59,0
DA:60,0
DA:61,0
DA:62,0
FN:11,System.Void HaddySimHub.Displays.TestDisplayBase::.ctor(System.String,HaddySimHub.Interfaces.IDataConverter`2<HaddySimHub.Models.DisplayUpdate,HaddySimHub.Models.DisplayUpdate>,HaddySimHub.Interfaces.IDisplayUpdateSender)
FNDA:12,System.Void HaddySimHub.Displays.TestDisplayBase::.ctor(System.String,HaddySimHub.Interfaces.IDataConverter`2<HaddySimHub.Models.DisplayUpdate,HaddySimHub.Models.DisplayUpdate>,HaddySimHub.Interfaces.IDisplayUpdateSender)
DA:12,12
DA:25,12
DA:26,12
DA:27,12
DA:28,12
FN:13,System.Void HaddySimHub.Displays.TestDisplayBase::.cctor()
FNDA:0,System.Void HaddySimHub.Displays.TestDisplayBase::.cctor()
DA:14,0
FN:78,System.Void HaddySimHub.Displays.TestDisplayBase/TestGameDataProviderWrapper::Start()
FNDA:0,System.Void HaddySimHub.Displays.TestDisplayBase/TestGameDataProviderWrapper::Start()
DA:79,0
DA:81,0
FN:83,System.Void HaddySimHub.Displays.TestDisplayBase/TestGameDataProviderWrapper::Stop()
FNDA:0,System.Void HaddySimHub.Displays.TestDisplayBase/TestGameDataProviderWrapper::Stop()
DA:84,0
DA:86,0
FN:88,System.Void HaddySimHub.Displays.TestDisplayBase/TestGameDataProviderWrapper::InvokeDataReceived(HaddySimHub.Models.DisplayUpdate)
FNDA:0,System.Void HaddySimHub.Displays.TestDisplayBase/TestGameDataProviderWrapper::InvokeDataReceived(HaddySimHub.Models.DisplayUpdate)
DA:89,0
DA:90,0
DA:91,0
BRDA:90,8,0,0
BRDA:90,8,1,0
FN:70,System.Void HaddySimHub.Displays.TestDisplayBase/TestGameDataProviderWrapper::.ctor(System.String)
FNDA:12,System.Void HaddySimHub.Displays.TestDisplayBase/TestGameDataProviderWrapper::.ctor(System.String)
DA:71,12
DA:72,12
DA:73,12
DA:74,12
LF:47
LH:9
BRF:6
BRH:0
FNF:10
FNH:2
end_of_record
SF:C:\0Code\HaddySimHub\HaddySimHub\Displays\TestDisplayOptions.cs
FN:14,System.Collections.Generic.List`1<System.String> HaddySimHub.Displays.TestDisplayOptions::get_Ids()
FNDA:0,System.Collections.Generic.List`1<System.String> HaddySimHub.Displays.TestDisplayOptions::get_Ids()
DA:15,0
LF:1
LH:0
BRF:0
BRH:0
FNF:1
FNH:0
end_of_record
SF:C:\0Code\HaddySimHub\HaddySimHub\Displays\UdpClientFactory.cs
FN:7,System.Net.Sockets.UdpClient HaddySimHub.Displays.UdpClientFactory::Create(System.Int32)
FNDA:0,System.Net.Sockets.UdpClient HaddySimHub.Displays.UdpClientFactory::Create(System.Int32)
DA:8,0
DA:9,0
DA:10,0
LF:3
LH:0
BRF:0
BRH:0
FNF:1
FNH:0
end_of_record
SF:C:\0Code\HaddySimHub\HaddySimHub\Displays\IRacing\Display.cs
FN:9,System.String HaddySimHub.Displays.IRacing.Display::get_Description()
FNDA:0,System.String HaddySimHub.Displays.IRacing.Display::get_Description()
DA:10,0
FN:10,System.Boolean HaddySimHub.Displays.IRacing.Display::get_IsActive()
FNDA:0,System.Boolean HaddySimHub.Displays.IRacing.Display::get_IsActive()
DA:11,0
FN:16,System.Void HaddySimHub.Displays.IRacing.Display::.ctor(HaddySimHub.Interfaces.IGameDataProvider`1<iRacingSDK.IDataSample>,HaddySimHub.Interfaces.IDataConverter`2<iRacingSDK.IDataSample,HaddySimHub.Models.DisplayUpdate>,HaddySimHub.Interfaces.IDisplayUpdateSender)
FNDA:4,System.Void HaddySimHub.Displays.IRacing.Display::.ctor(HaddySimHub.Interfaces.IGameDataProvider`1<iRacingSDK.IDataSample>,HaddySimHub.Interfaces.IDataConverter`2<iRacingSDK.IDataSample,HaddySimHub.Models.DisplayUpdate>,HaddySimHub.Interfaces.IDisplayUpdateSender)
DA:17,4
DA:18,4
DA:19,4
LF:5
LH:3
BRF:0
BRH:0
FNF:3
FNH:1
end_of_record
SF:C:\0Code\HaddySimHub\HaddySimHub\Displays\IRacing\IRacingDataConverter.cs
FN:20,HaddySimHub.Models.DisplayUpdate HaddySimHub.Displays.IRacing.IRacingDataConverter::Convert(iRacingSDK.IDataSample)
FNDA:30,HaddySimHub.Models.DisplayUpdate HaddySimHub.Displays.IRacing.IRacingDataConverter::Convert(iRacingSDK.IDataSample)
DA:21,30
DA:22,30
DA:24,30
DA:25,60
DA:27,30
DA:29,30
DA:30,30
DA:31,30
DA:32,30
DA:33,30
DA:34,30
DA:36,30
DA:37,30
DA:38,30
DA:42,30
DA:43,0
DA:44,0
DA:46,0
DA:47,0
DA:50,30
DA:51,0
DA:53,0
DA:55,0
DA:56,0
DA:57,0
DA:58,0
DA:59,0
DA:62,0
DA:63,0
DA:66,30
DA:67,30
DA:69,30
DA:71,60
DA:73,30
DA:74,30
DA:75,30
DA:76,30
DA:77,30
DA:78,30
DA:79,30
DA:80,30
DA:81,30
DA:82,30
DA:83,30
DA:84,30
DA:85,30
DA:86,30
DA:87,30
DA:88,30
DA:89,30
DA:90,30
DA:91,30
DA:92,30
DA:93,30
DA:94,30
DA:95,30
DA:96,30
DA:97,30
DA:98,30
DA:99,30
DA:100,30
DA:101,30
DA:102,30
DA:103,30
DA:104,30
DA:105,30
DA:106,30
DA:107,30
DA:108,30
DA:109,30
DA:110,30
DA:111,30
DA:112,30
DA:113,30
DA:114,0
DA:115,30
DA:116,30
DA:117,30
DA:118,30
DA:120,30
DA:121,30
BRDA:29,126,0,30
BRDA:29,126,1,30
BRDA:42,228,0,0
BRDA:42,228,1,30
BRDA:42,241,0,30
BRDA:42,249,0,0
BRDA:42,249,1,30
BRDA:42,241,1,0
BRDA:42,275,0,0
BRDA:42,275,1,30
BRDA:50,321,0,0
BRDA:55,351,0,0
BRDA:55,351,1,0
BRDA:55,382,0,0
BRDA:55,382,1,0
BRDA:50,321,1,30
BRDA:69,475,0,30
BRDA:69,475,1,0
BRDA:69,506,0,0
BRDA:69,506,1,30
BRDA:73,724,0,29
BRDA:73,737,0,2
BRDA:73,737,1,27
BRDA:73,724,1,1
BRDA:73,879,0,30
BRDA:73,879,1,0
BRDA:73,918,0,30
BRDA:73,918,1,0
BRDA:73,965,0,0
BRDA:73,965,1,30
BRDA:73,983,0,30
BRDA:73,983,1,0
BRDA:73,1066,0,0
BRDA:73,1066,1,30
BRDA:73,1137,0,0
BRDA:73,1137,1,30
BRDA:73,1273,0,0
BRDA:73,1273,1,30
BRDA:73,1286,0,0
BRDA:73,1286,1,30
BRDA:73,1317,0,6
BRDA:73,1317,1,24
BRDA:73,1447,0,30
BRDA:73,1447,1,0
BRDA:73,1595,0,0
BRDA:73,1595,1,30
BRDA:73,1630,0,0
BRDA:73,1630,1,30
FN:123,System.Int32 HaddySimHub.Displays.IRacing.IRacingDataConverter::GetRpmMax(System.String)
FNDA:34,System.Int32 HaddySimHub.Displays.IRacing.IRacingDataConverter::GetRpmMax(System.String)
DA:124,34
DA:125,34
DA:126,34
DA:127,1
DA:128,33
DA:129,34
DA:130,34
BRDA:125,16,1,1
BRDA:125,16,0,33
FN:13,System.Void HaddySimHub.Displays.IRacing.IRacingDataConverter::.ctor()
FNDA:35,System.Void HaddySimHub.Displays.IRacing.IRacingDataConverter::.ctor()
DA:14,35
DA:16,35
DA:17,35
DA:18,35
LF:92
LH:78
BRF:50
BRH:28
FNF:3
FNH:3
end_of_record
SF:C:\0Code\HaddySimHub\HaddySimHub\Displays\IRacing\IRacingGameDataProvider.cs
FN:14,System.Void HaddySimHub.Displays.IRacing.IRacingGameDataProvider::Start()
FNDA:0,System.Void HaddySimHub.Displays.IRacing.IRacingGameDataProvider::Start()
DA:15,0
DA:16,0
DA:17,0
DA:18,0
FN:20,System.Void HaddySimHub.Displays.IRacing.IRacingGameDataProvider::Stop()
FNDA:0,System.Void HaddySimHub.Displays.IRacing.IRacingGameDataProvider::Stop()
DA:21,0
DA:22,0
DA:23,0
DA:24,0
DA:25,0
DA:26,0
DA:27,0
BRDA:22,8,0,0
BRDA:22,8,1,0
FN:29,System.Void HaddySimHub.Displays.IRacing.IRacingGameDataProvider::HandleNewData(iRacingSDK.IDataSample)
FNDA:0,System.Void HaddySimHub.Displays.IRacing.IRacingGameDataProvider::HandleNewData(iRacingSDK.IDataSample)
DA:30,0
DA:31,0
DA:32,0
BRDA:31,8,0,0
BRDA:31,8,1,0
FN:9,System.Void HaddySimHub.Displays.IRacing.IRacingGameDataProvider::.ctor()
FNDA:5,System.Void HaddySimHub.Displays.IRacing.IRacingGameDataProvider::.ctor()
DA:10,5
DA:11,5
DA:12,5
LF:17
LH:3
BRF:4
BRH:0
FNF:4
FNH:1
end_of_record
SF:C:\0Code\HaddySimHub\HaddySimHub\Displays\IRacing\TestDisplay.cs
FN:17,HaddySimHub.Models.DisplayUpdate HaddySimHub.Displays.IRacing.TestDisplay::GenerateDisplayUpdate()
FNDA:0,HaddySimHub.Models.DisplayUpdate HaddySimHub.Displays.IRacing.TestDisplay::GenerateDisplayUpdate()
DA:18,0
DA:19,0
DA:20,0
DA:21,0
DA:22,0
DA:23,0
DA:24,0
DA:25,0
DA:26,0
DA:27,0
DA:28,0
DA:29,0
DA:30,0
DA:31,0
DA:32,0
DA:33,0
DA:34,0
DA:35,0
DA:36,0
DA:37,0
DA:38,0
DA:39,0
DA:40,0
DA:41,0
DA:42,0
DA:43,0
DA:44,0
DA:45,0
DA:46,0
DA:47,0
DA:48,0
DA:49,0
DA:50,0
DA:51,0
FN:12,System.Void HaddySimHub.Displays.IRacing.TestDisplay::.ctor(System.String,HaddySimHub.Interfaces.IDataConverter`2<HaddySimHub.Models.DisplayUpdate,HaddySimHub.Models.DisplayUpdate>,HaddySimHub.Interfaces.IDisplayUpdateSender)
FNDA:4,System.Void HaddySimHub.Displays.IRacing.TestDisplay::.ctor(System.String,HaddySimHub.Interfaces.IDataConverter`2<HaddySimHub.Models.DisplayUpdate,HaddySimHub.Models.DisplayUpdate>,HaddySimHub.Interfaces.IDisplayUpdateSender)
DA:13,4
DA:14,4
DA:15,4
LF:37
LH:3
BRF:0
BRH:0
FNF:2
FNH:1
end_of_record
SF:C:\0Code\HaddySimHub\HaddySimHub\Displays\ETS\Display.cs
FN:9,System.String HaddySimHub.Displays.ETS.Display::get_Description()
FNDA:0,System.String HaddySimHub.Displays.ETS.Display::get_Description()
DA:10,0
FN:11,System.Boolean HaddySimHub.Displays.ETS.Display::get_IsActive()
FNDA:0,System.Boolean HaddySimHub.Displays.ETS.Display::get_IsActive()
DA:12,0
FN:17,System.Void HaddySimHub.Displays.ETS.Display::.ctor(HaddySimHub.Interfaces.IGameDataProvider`1<SCSSdkClient.Object.SCSTelemetry>,HaddySimHub.Interfaces.IDataConverter`2<SCSSdkClient.Object.SCSTelemetry,HaddySimHub.Models.DisplayUpdate>,HaddySimHub.Interfaces.IDisplayUpdateSender)
FNDA:4,System.Void HaddySimHub.Displays.ETS.Display::.ctor(HaddySimHub.Interfaces.IGameDataProvider`1<SCSSdkClient.Object.SCSTelemetry>,HaddySimHub.Interfaces.IDataConverter`2<SCSSdkClient.Object.SCSTelemetry,HaddySimHub.Models.DisplayUpdate>,HaddySimHub.Interfaces.IDisplayUpdateSender)
DA:18,4
DA:19,4
DA:20,4
LF:5
LH:3
BRF:0
BRH:0
FNF:3
FNH:1
end_of_record
SF:C:\0Code\HaddySimHub\HaddySimHub\Displays\ETS\EtsDataConverter.cs
FN:11,HaddySimHub.Models.DisplayUpdate HaddySimHub.Displays.ETS.EtsDataConverter::Convert(SCSSdkClient.Object.SCSTelemetry)
FNDA:58,HaddySimHub.Models.DisplayUpdate HaddySimHub.Displays.ETS.EtsDataConverter::Convert(SCSSdkClient.Object.SCSTelemetry)
DA:12,58
DA:13,58
DA:14,58
DA:15,1
DA:16,1
DA:17,1
DA:19,58
DA:20,58
DA:21,58
DA:22,52
DA:23,52
DA:24,52
DA:25,6
DA:26,2
DA:27,2
DA:28,2
DA:29,4
DA:30,4
DA:31,4
DA:32,3
DA:33,3
DA:34,3
DA:36,1
DA:37,1
DA:38,1
DA:39,4
DA:41,58
DA:42,58
DA:43,58
DA:44,58
DA:45,58
DA:46,58
DA:47,58
DA:48,58
DA:49,58
DA:50,58
DA:51,58
DA:52,58
DA:53,58
DA:54,58
DA:55,58
DA:56,58
DA:57,58
DA:58,58
DA:59,58
DA:60,58
DA:61,58
DA:62,58
DA:63,58
DA:64,58
DA:65,58
DA:66,58
DA:67,58
DA:68,0
DA:69,0
DA:70,0
DA:71,0
DA:72,58
DA:73,58
DA:74,58
DA:75,58
DA:76,58
DA:77,58
DA:78,58
DA:79,58
DA:80,58
DA:81,58
DA:82,58
DA:83,58
DA:84,58
DA:85,58
DA:86,58
DA:87,58
DA:88,58
DA:89,58
DA:90,58
DA:91,58
DA:92,58
DA:93,58
DA:94,58
DA:95,58
DA:96,58
DA:97,58
DA:98,58
DA:99,58
DA:100,58
DA:101,58
DA:102,58
DA:103,58
DA:104,58
DA:105,58
DA:106,58
DA:107,58
DA:108,58
DA:109,58
DA:111,58
DA:112,58
BRDA:14,54,0,1
BRDA:14,54,1,58
BRDA:21,106,0,52
BRDA:21,106,1,6
BRDA:25,126,0,2
BRDA:25,126,1,4
BRDA:29,166,0,4
BRDA:31,198,0,3
BRDA:33,203,0,2
BRDA:33,203,1,1
BRDA:31,198,1,1
BRDA:29,166,1,58
BRDA:41,929,0,58
BRDA:41,929,1,0
BRDA:41,1003,0,58
BRDA:41,1003,1,0
BRDA:41,1077,0,58
BRDA:41,1077,1,0
BRDA:41,1151,0,58
BRDA:41,1151,1,0
FN:8,System.Void HaddySimHub.Displays.ETS.EtsDataConverter::.ctor()
FNDA:63,System.Void HaddySimHub.Displays.ETS.EtsDataConverter::.ctor()
DA:9,63
LF:98
LH:94
BRF:20
BRH:16
FNF:2
FNH:2
end_of_record
SF:C:\0Code\HaddySimHub\HaddySimHub\Displays\ETS\EtsGameDataProvider.cs
FN:19,System.Void HaddySimHub.Displays.ETS.EtsGameDataProvider::Start()
FNDA:0,System.Void HaddySimHub.Displays.ETS.EtsGameDataProvider::Start()
DA:20,0
DA:21,0
DA:22,0
DA:23,0
FN:25,System.Void HaddySimHub.Displays.ETS.EtsGameDataProvider::Stop()
FNDA:0,System.Void HaddySimHub.Displays.ETS.EtsGameDataProvider::Stop()
DA:26,0
DA:27,0
DA:28,0
DA:29,0
DA:32,0
DA:33,0
DA:34,0
DA:35,0
BRDA:27,12,0,0
BRDA:27,12,1,0
FN:37,System.Void HaddySimHub.Displays.ETS.EtsGameDataProvider::HandleTelemetryData(SCSSdkClient.Object.SCSTelemetry,System.Boolean)
FNDA:0,System.Void HaddySimHub.Displays.ETS.EtsGameDataProvider::HandleTelemetryData(SCSSdkClient.Object.SCSTelemetry,System.Boolean)
DA:38,0
DA:39,0
DA:40,0
BRDA:39,8,0,0
BRDA:39,8,1,0
FN:13,System.Void HaddySimHub.Displays.ETS.EtsGameDataProvider::.ctor(HaddySimHub.Displays.ISCSTelemetryFactory)
FNDA:5,System.Void HaddySimHub.Displays.ETS.EtsGameDataProvider::.ctor(HaddySimHub.Displays.ISCSTelemetryFactory)
DA:14,5
DA:15,5
DA:16,5
DA:17,5
BRDA:16,11,0,0
BRDA:16,11,1,5
LF:19
LH:4
BRF:6
BRH:1
FNF:4
FNH:1
end_of_record
SF:C:\0Code\HaddySimHub\HaddySimHub\Displays\ETS\TestDisplay.cs
FN:19,HaddySimHub.Models.DisplayUpdate HaddySimHub.Displays.ETS.TestDisplay::GenerateDisplayUpdate()
FNDA:0,HaddySimHub.Models.DisplayUpdate HaddySimHub.Displays.ETS.TestDisplay::GenerateDisplayUpdate()
DA:20,0
DA:21,0
DA:22,0
DA:23,0
DA:24,0
DA:25,0
DA:26,0
DA:27,0
DA:28,0
DA:29,0
DA:30,0
DA:31,0
DA:32,0
DA:33,0
DA:34,0
DA:35,0
DA:36,0
DA:37,0
FN:8,System.Void HaddySimHub.Displays.ETS.TestDisplay::.ctor(System.String,HaddySimHub.Interfaces.IDataConverter`2<HaddySimHub.Models.DisplayUpdate,HaddySimHub.Models.DisplayUpdate>,HaddySimHub.Interfaces.IDisplayUpdateSender)
FNDA:4,System.Void HaddySimHub.Displays.ETS.TestDisplay::.ctor(System.String,HaddySimHub.Interfaces.IDataConverter`2<HaddySimHub.Models.DisplayUpdate,HaddySimHub.Models.DisplayUpdate>,HaddySimHub.Interfaces.IDisplayUpdateSender)
DA:9,4
DA:15,4
DA:16,4
DA:17,4
LF:22
LH:4
BRF:0
BRH:0
FNF:2
FNH:1
end_of_record
SF:C:\0Code\HaddySimHub\HaddySimHub\Displays\Dirt2\Dirt2DataConverter.cs
FN:8,HaddySimHub.Models.DisplayUpdate HaddySimHub.Displays.Dirt2.Dirt2DataConverter::Convert(HaddySimHub.Displays.Dirt2.Packet)
FNDA:26,HaddySimHub.Models.DisplayUpdate HaddySimHub.Displays.Dirt2.Dirt2DataConverter::Convert(HaddySimHub.Displays.Dirt2.Packet)
DA:9,26
DA:10,26
DA:12,26
DA:13,26
DA:14,26
DA:15,26
DA:16,26
DA:17,26
DA:18,26
DA:19,26
DA:20,26
DA:21,26
DA:22,26
DA:23,26
DA:24,26
DA:26,26
DA:27,26
BRDA:12,97,0,3
BRDA:12,110,0,2
BRDA:12,110,1,1
BRDA:12,97,1,23
LF:17
LH:17
BRF:4
BRH:4
FNF:1
FNH:1
end_of_record
SF:C:\0Code\HaddySimHub\HaddySimHub\Displays\Dirt2\Dirt2GameDataProvider.cs
FN:23,System.Void HaddySimHub.Displays.Dirt2.Dirt2GameDataProvider::Start()
FNDA:0,System.Void HaddySimHub.Displays.Dirt2.Dirt2GameDataProvider::Start()
DA:24,0
DA:25,0
DA:26,0
DA:27,0
BRDA:25,7,0,0
BRDA:25,7,1,0
FN:29,System.Void HaddySimHub.Displays.Dirt2.Dirt2GameDataProvider::Stop()
FNDA:0,System.Void HaddySimHub.Displays.Dirt2.Dirt2GameDataProvider::Stop()
DA:30,0
DA:31,0
DA:32,0
DA:33,0
DA:36,0
DA:37,0
DA:38,0
BRDA:31,12,0,0
BRDA:31,12,1,0
FN:40,System.Void HaddySimHub.Displays.Dirt2.Dirt2GameDataProvider::ReceiveCallback(System.IAsyncResult)
FNDA:0,System.Void HaddySimHub.Displays.Dirt2.Dirt2GameDataProvider::ReceiveCallback(System.IAsyncResult)
DA:41,0
DA:42,0
DA:43,0
DA:44,0
DA:49,0
DA:53,0
DA:55,0
DA:58,0
DA:60,0
DA:61,0
DA:62,0
DA:64,0
DA:65,0
DA:66,0
DA:67,0
BRDA:42,7,0,0
BRDA:42,7,1,0
BRDA:42,23,0,0
BRDA:42,23,1,0
BRDA:61,101,0,0
BRDA:61,101,1,0
FN:11,System.Void HaddySimHub.Displays.Dirt2.Dirt2GameDataProvider::.ctor(HaddySimHub.Displays.IUdpClientFactory)
FNDA:6,System.Void HaddySimHub.Displays.Dirt2.Dirt2GameDataProvider::.ctor(HaddySimHub.Displays.IUdpClientFactory)
DA:12,6
DA:18,6
DA:19,6
DA:20,6
DA:21,6
BRDA:20,32,0,0
BRDA:20,32,1,6
LF:31
LH:5
BRF:12
BRH:1
FNF:4
FNH:1
end_of_record
SF:C:\0Code\HaddySimHub\HaddySimHub\Displays\Dirt2\Display.cs
FN:8,System.String HaddySimHub.Displays.Dirt2.Display::get_Description()
FNDA:0,System.String HaddySimHub.Displays.Dirt2.Display::get_Description()
DA:9,0
FN:9,System.Boolean HaddySimHub.Displays.Dirt2.Display::get_IsActive()
FNDA:0,System.Boolean HaddySimHub.Displays.Dirt2.Display::get_IsActive()
DA:10,0
FN:15,System.Void HaddySimHub.Displays.Dirt2.Display::.ctor(HaddySimHub.Interfaces.IGameDataProvider`1<HaddySimHub.Displays.Dirt2.Packet>,HaddySimHub.Interfaces.IDataConverter`2<HaddySimHub.Displays.Dirt2.Packet,HaddySimHub.Models.DisplayUpdate>,HaddySimHub.Interfaces.IDisplayUpdateSender)
FNDA:5,System.Void HaddySimHub.Displays.Dirt2.Display::.ctor(HaddySimHub.Interfaces.IGameDataProvider`1<HaddySimHub.Displays.Dirt2.Packet>,HaddySimHub.Interfaces.IDataConverter`2<HaddySimHub.Displays.Dirt2.Packet,HaddySimHub.Models.DisplayUpdate>,HaddySimHub.Interfaces.IDisplayUpdateSender)
DA:16,5
DA:17,5
DA:18,5
LF:5
LH:3
BRF:0
BRH:0
FNF:3
FNH:1
end_of_record
SF:C:\0Code\HaddySimHub\HaddySimHub\Displays\Dirt2\TestDisplay.cs
FN:17,HaddySimHub.Models.DisplayUpdate HaddySimHub.Displays.Dirt2.TestDisplay::GenerateDisplayUpdate()
FNDA:0,HaddySimHub.Models.DisplayUpdate HaddySimHub.Displays.Dirt2.TestDisplay::GenerateDisplayUpdate()
DA:18,0
DA:19,0
DA:21,0
DA:22,0
DA:23,0
DA:24,0
DA:25,0
DA:26,0
DA:27,0
DA:28,0
DA:29,0
DA:30,0
DA:31,0
DA:32,0
DA:33,0
DA:34,0
DA:35,0
DA:36,0
DA:37,0
FN:12,System.Void HaddySimHub.Displays.Dirt2.TestDisplay::.ctor(System.String,HaddySimHub.Interfaces.IDataConverter`2<HaddySimHub.Models.DisplayUpdate,HaddySimHub.Models.DisplayUpdate>,HaddySimHub.Interfaces.IDisplayUpdateSender)
FNDA:4,System.Void HaddySimHub.Displays.Dirt2.TestDisplay::.ctor(System.String,HaddySimHub.Interfaces.IDataConverter`2<HaddySimHub.Models.DisplayUpdate,HaddySimHub.Models.DisplayUpdate>,HaddySimHub.Interfaces.IDisplayUpdateSender)
DA:13,4
DA:14,4
DA:15,4
LF:22
LH:3
BRF:0
BRH:0
FNF:2
FNH:1
end_of_record
SF:C:\0Code\HaddySimHub\HaddySimHub\Displays\AC\ACDataConverter.cs
FN:11,HaddySimHub.Models.DisplayUpdate HaddySimHub.Displays.AC.ACDataConverter::Convert(HaddySimHub.Displays.AC.ACTelemetry)
FNDA:13,HaddySimHub.Models.DisplayUpdate HaddySimHub.Displays.AC.ACDataConverter::Convert(HaddySimHub.Displays.AC.ACTelemetry)
DA:12,13
DA:14,13
DA:15,13
DA:16,1
DA:17,11
DA:18,1
DA:19,0
DA:20,13
DA:23,13
DA:26,13
DA:27,13
DA:28,11
DA:29,1
DA:30,1
DA:31,0
DA:32,13
DA:35,13
DA:36,13
DA:38,13
DA:39,13
DA:40,13
DA:41,13
DA:42,13
DA:43,13
DA:44,13
DA:45,13
DA:46,13
DA:47,13
DA:48,13
DA:49,13
DA:50,13
DA:51,13
DA:52,13
DA:53,13
DA:54,13
DA:55,13
DA:56,13
DA:57,13
DA:58,13
DA:59,13
DA:60,13
DA:61,13
DA:62,13
DA:63,13
DA:64,13
DA:65,13
DA:66,13
DA:67,13
DA:68,13
DA:69,13
DA:71,13
DA:72,13
DA:73,13
DA:74,13
DA:75,13
DA:76,13
BRDA:14,20,0,12
BRDA:14,29,0,1
BRDA:14,20,1,1
BRDA:14,29,1,11
BRDA:14,38,1,1
BRDA:14,38,0,0
BRDA:26,124,1,11
BRDA:26,124,2,1
BRDA:26,124,3,1
BRDA:26,124,0,0
BRDA:35,197,0,13
BRDA:35,197,1,0
LF:56
LH:54
BRF:12
BRH:9
FNF:1
FNH:1
end_of_record
SF:C:\0Code\HaddySimHub\HaddySimHub\Displays\AC\ACGameDataProvider.cs
FN:8,HaddySimHub.Displays.AC.ACSharedMemoryReader HaddySimHub.Displays.AC.ACGameDataProvider::CreateReader()
FNDA:0,HaddySimHub.Displays.AC.ACSharedMemoryReader HaddySimHub.Displays.AC.ACGameDataProvider::CreateReader()
DA:9,0
DA:10,0
DA:11,0
FN:13,System.Void HaddySimHub.Displays.AC.ACGameDataProvider::ConnectReader(HaddySimHub.Displays.AC.ACSharedMemoryReader)
FNDA:0,System.Void HaddySimHub.Displays.AC.ACGameDataProvider::ConnectReader(HaddySimHub.Displays.AC.ACSharedMemoryReader)
DA:14,0
DA:15,0
DA:16,0
FN:18,System.Void HaddySimHub.Displays.AC.ACGameDataProvider::DisconnectReader(HaddySimHub.Displays.AC.ACSharedMemoryReader)
FNDA:0,System.Void HaddySimHub.Displays.AC.ACGameDataProvider::DisconnectReader(HaddySimHub.Displays.AC.ACSharedMemoryReader)
DA:19,0
DA:20,0
DA:21,0
DA:22,0
BRDA:20,2,1,0
BRDA:20,2,0,0
BRDA:21,14,1,0
BRDA:21,14,0,0
FN:24,System.Boolean HaddySimHub.Displays.AC.ACGameDataProvider::IsConnected(HaddySimHub.Displays.AC.ACSharedMemoryReader)
FNDA:0,System.Boolean HaddySimHub.Displays.AC.ACGameDataProvider::IsConnected(HaddySimHub.Displays.AC.ACSharedMemoryReader)
DA:25,0
DA:26,0
DA:27,0
BRDA:26,2,0,0
BRDA:26,2,1,0
FN:29,System.Boolean HaddySimHub.Displays.AC.ACGameDataProvider::TryReadTelemetry(HaddySimHub.Displays.AC.ACSharedMemoryReader,HaddySimHub.Displays.AC.ACTelemetry&)
FNDA:0,System.Boolean HaddySimHub.Displays.AC.ACGameDataProvider::TryReadTelemetry(HaddySimHub.Displays.AC.ACSharedMemoryReader,HaddySimHub.Displays.AC.ACTelemetry&)
DA:30,0
DA:31,0
DA:32,0
FN:34,System.Boolean HaddySimHub.Displays.AC.ACGameDataProvider::HasDataChanged(HaddySimHub.Displays.AC.ACTelemetry,HaddySimHub.Displays.AC.ACTelemetry)
FNDA:0,System.Boolean HaddySimHub.Displays.AC.ACGameDataProvider::HasDataChanged(HaddySimHub.Displays.AC.ACTelemetry,HaddySimHub.Displays.AC.ACTelemetry)
DA:35,0
DA:36,0
DA:37,0
LF:19
LH:0
BRF:6
BRH:0
FNF:6
FNH:0
end_of_record
SF:C:\0Code\HaddySimHub\HaddySimHub\Displays\AC\ACSharedMemoryReader.cs
FN:14,System.Boolean HaddySimHub.Displays.AC.ACSharedMemoryReader::get_IsConnected()
FNDA:0,System.Boolean HaddySimHub.Displays.AC.ACSharedMemoryReader::get_IsConnected()
DA:15,0
FN:17,System.Void HaddySimHub.Displays.AC.ACSharedMemoryReader::Connect()
FNDA:0,System.Void HaddySimHub.Displays.AC.ACSharedMemoryReader::Connect()
DA:18,0
DA:20,0
DA:22,0
DA:24,0
DA:25,0
DA:26,0
DA:27,0
DA:28,0
DA:29,0
DA:30,0
DA:31,0
FN:33,System.Boolean HaddySimHub.Displays.AC.ACSharedMemoryReader::TryReadTelemetry(HaddySimHub.Displays.AC.ACTelemetry&)
FNDA:0,System.Boolean HaddySimHub.Displays.AC.ACSharedMemoryReader::TryReadTelemetry(HaddySimHub.Displays.AC.ACTelemetry&)
DA:34,0
DA:35,0
DA:37,0
DA:38,0
DA:39,0
DA:43,0
DA:44,0
DA:45,0
DA:47,0
DA:48,0
DA:49,0
DA:51,0
BRDA:37,14,0,0
BRDA:37,14,1,0
BRDA:37,30,0,0
BRDA:37,30,1,0
FN:53,System.Void HaddySimHub.Displays.AC.ACSharedMemoryReader::Disconnect()
FNDA:0,System.Void HaddySimHub.Displays.AC.ACSharedMemoryReader::Disconnect()
DA:54,0
DA:55,0
DA:56,0
DA:57,0
DA:58,0
BRDA:55,8,0,0
BRDA:55,8,1,0
BRDA:56,26,0,0
BRDA:56,26,1,0
FN:60,System.Void HaddySimHub.Displays.AC.ACSharedMemoryReader::Dispose()
FNDA:0,System.Void HaddySimHub.Displays.AC.ACSharedMemoryReader::Dispose()
DA:61,0
DA:62,0
DA:63,0
LF:32
LH:0
BRF:8
BRH:0
FNF:5
FNH:0
end_of_record
SF:C:\0Code\HaddySimHub\HaddySimHub\Displays\AC\Display.cs
FN:11,System.String HaddySimHub.Displays.AC.Display::get_Description()
FNDA:0,System.String HaddySimHub.Displays.AC.Display::get_Description()
DA:12,0
FN:12,System.Boolean HaddySimHub.Displays.AC.Display::get_IsActive()
FNDA:0,System.Boolean HaddySimHub.Displays.AC.Display::get_IsActive()
DA:13,0
FN:18,System.Void HaddySimHub.Displays.AC.Display::.ctor(HaddySimHub.Interfaces.IGameDataProvider`1<HaddySimHub.Displays.AC.ACTelemetry>,HaddySimHub.Interfaces.IDataConverter`2<HaddySimHub.Displays.AC.ACTelemetry,HaddySimHub.Models.DisplayUpdate>,HaddySimHub.Interfaces.IDisplayUpdateSender)
FNDA:0,System.Void HaddySimHub.Displays.AC.Display::.ctor(HaddySimHub.Interfaces.IGameDataProvider`1<HaddySimHub.Displays.AC.ACTelemetry>,HaddySimHub.Interfaces.IDataConverter`2<HaddySimHub.Displays.AC.ACTelemetry,HaddySimHub.Models.DisplayUpdate>,HaddySimHub.Interfaces.IDisplayUpdateSender)
DA:19,0
DA:20,0
DA:21,0
LF:5
LH:0
BRF:0
BRH:0
FNF:3
FNH:0
end_of_record
SF:C:\0Code\HaddySimHub\HaddySimHub\Displays\ACRally\ACRallyDataConverter.cs
FN:11,HaddySimHub.Models.DisplayUpdate HaddySimHub.Displays.ACRally.ACRallyDataConverter::Convert(HaddySimHub.Displays.ACRally.ACRallyTelemetry)
FNDA:15,HaddySimHub.Models.DisplayUpdate HaddySimHub.Displays.ACRally.ACRallyDataConverter::Convert(HaddySimHub.Displays.ACRally.ACRallyTelemetry)
DA:12,15
DA:13,15
DA:17,15
DA:18,15
DA:19,15
DA:21,15
DA:22,15
DA:23,15
DA:24,15
DA:25,15
DA:26,15
DA:27,15
DA:28,15
DA:29,15
DA:30,15
DA:31,15
DA:32,15
DA:33,15
DA:34,15
DA:35,15
DA:37,15
DA:38,15
BRDA:21,127,0,3
BRDA:21,140,0,2
BRDA:21,140,1,1
BRDA:21,127,1,12
BRDA:21,190,0,2
BRDA:21,190,1,13
BRDA:21,199,0,13
BRDA:21,199,1,2
LF:22
LH:22
BRF:8
BRH:8
FNF:1
FNH:1
end_of_record
SF:C:\0Code\HaddySimHub\HaddySimHub\Displays\ACRally\ACRallyGameDataProvider.cs
FN:8,HaddySimHub.Displays.ACRally.ACRallySharedMemoryReader HaddySimHub.Displays.ACRally.ACRallyGameDataProvider::CreateReader()
FNDA:0,HaddySimHub.Displays.ACRally.ACRallySharedMemoryReader HaddySimHub.Displays.ACRally.ACRallyGameDataProvider::CreateReader()
DA:9,0
DA:10,0
DA:11,0
FN:13,System.Void HaddySimHub.Displays.ACRally.ACRallyGameDataProvider::ConnectReader(HaddySimHub.Displays.ACRally.ACRallySharedMemoryReader)
FNDA:0,System.Void HaddySimHub.Displays.ACRally.ACRallyGameDataProvider::ConnectReader(HaddySimHub.Displays.ACRally.ACRallySharedMemoryReader)
DA:14,0
DA:15,0
DA:16,0
FN:18,System.Void HaddySimHub.Displays.ACRally.ACRallyGameDataProvider::DisconnectReader(HaddySimHub.Displays.ACRally.ACRallySharedMemoryReader)
FNDA:0,System.Void HaddySimHub.Displays.ACRally.ACRallyGameDataProvider::DisconnectReader(HaddySimHub.Displays.ACRally.ACRallySharedMemoryReader)
DA:19,0
DA:20,0
DA:21,0
DA:22,0
BRDA:20,2,1,0
BRDA:20,2,0,0
BRDA:21,14,1,0
BRDA:21,14,0,0
FN:24,System.Boolean HaddySimHub.Displays.ACRally.ACRallyGameDataProvider::IsConnected(HaddySimHub.Displays.ACRally.ACRallySharedMemoryReader)
FNDA:0,System.Boolean HaddySimHub.Displays.ACRally.ACRallyGameDataProvider::IsConnected(HaddySimHub.Displays.ACRally.ACRallySharedMemoryReader)
DA:25,0
DA:26,0
DA:27,0
BRDA:26,2,0,0
BRDA:26,2,1,0
FN:29,System.Boolean HaddySimHub.Displays.ACRally.ACRallyGameDataProvider::TryReadTelemetry(HaddySimHub.Displays.ACRally.ACRallySharedMemoryReader,HaddySimHub.Displays.ACRally.ACRallyTelemetry&)
FNDA:0,System.Boolean HaddySimHub.Displays.ACRally.ACRallyGameDataProvider::TryReadTelemetry(HaddySimHub.Displays.ACRally.ACRallySharedMemoryReader,HaddySimHub.Displays.ACRally.ACRallyTelemetry&)
DA:30,0
DA:31,0
DA:32,0
FN:34,System.Boolean HaddySimHub.Displays.ACRally.ACRallyGameDataProvider::HasDataChanged(HaddySimHub.Displays.ACRally.ACRallyTelemetry,HaddySimHub.Displays.ACRally.ACRallyTelemetry)
FNDA:0,System.Boolean HaddySimHub.Displays.ACRally.ACRallyGameDataProvider::HasDataChanged(HaddySimHub.Displays.ACRally.ACRallyTelemetry,HaddySimHub.Displays.ACRally.ACRallyTelemetry)
DA:35,0
DA:36,0
DA:37,0
LF:19
LH:0
BRF:6
BRH:0
FNF:6
FNH:0
end_of_record
SF:C:\0Code\HaddySimHub\HaddySimHub\Displays\ACRally\ACRallySharedMemoryReader.cs
FN:14,System.Boolean HaddySimHub.Displays.ACRally.ACRallySharedMemoryReader::get_IsConnected()
FNDA:0,System.Boolean HaddySimHub.Displays.ACRally.ACRallySharedMemoryReader::get_IsConnected()
DA:15,0
FN:17,System.Void HaddySimHub.Displays.ACRally.ACRallySharedMemoryReader::Connect()
FNDA:0,System.Void HaddySimHub.Displays.ACRally.ACRallySharedMemoryReader::Connect()
DA:18,0
DA:20,0
DA:22,0
DA:24,0
DA:25,0
DA:26,0
DA:27,0
DA:28,0
DA:29,0
DA:30,0
DA:31,0
FN:33,System.Boolean HaddySimHub.Displays.ACRally.ACRallySharedMemoryReader::TryReadTelemetry(HaddySimHub.Displays.ACRally.ACRallyTelemetry&)
FNDA:0,System.Boolean HaddySimHub.Displays.ACRally.ACRallySharedMemoryReader::TryReadTelemetry(HaddySimHub.Displays.ACRally.ACRallyTelemetry&)
DA:34,0
DA:35,0
DA:37,0
DA:38,0
DA:39,0
DA:43,0
DA:44,0
DA:45,0
DA:47,0
DA:48,0
DA:49,0
DA:51,0
BRDA:37,14,0,0
BRDA:37,14,1,0
BRDA:37,30,0,0
BRDA:37,30,1,0
FN:53,System.Void HaddySimHub.Displays.ACRally.ACRallySharedMemoryReader::Disconnect()
FNDA:0,System.Void HaddySimHub.Displays.ACRally.ACRallySharedMemoryReader::Disconnect()
DA:54,0
DA:55,0
DA:56,0
DA:57,0
DA:58,0
BRDA:56,16,0,0
BRDA:56,16,1,0
BRDA:57,34,0,0
BRDA:57,34,1,0
FN:60,System.Void HaddySimHub.Displays.ACRally.ACRallySharedMemoryReader::Dispose()
FNDA:0,System.Void HaddySimHub.Displays.ACRally.ACRallySharedMemoryReader::Dispose()
DA:61,0
DA:62,0
DA:63,0
LF:32
LH:0
BRF:8
BRH:0
FNF:5
FNH:0
end_of_record
SF:C:\0Code\HaddySimHub\HaddySimHub\Displays\ACRally\Display.cs
FN:11,System.String HaddySimHub.Displays.ACRally.Display::get_Description()
FNDA:0,System.String HaddySimHub.Displays.ACRally.Display::get_Description()
DA:12,0
FN:13,System.Boolean HaddySimHub.Displays.ACRally.Display::get_IsActive()
FNDA:0,System.Boolean HaddySimHub.Displays.ACRally.Display::get_IsActive()
DA:14,0
FN:19,System.Void HaddySimHub.Displays.ACRally.Display::.ctor(HaddySimHub.Interfaces.IGameDataProvider`1<HaddySimHub.Displays.ACRally.ACRallyTelemetry>,HaddySimHub.Interfaces.IDataConverter`2<HaddySimHub.Displays.ACRally.ACRallyTelemetry,HaddySimHub.Models.DisplayUpdate>,HaddySimHub.Interfaces.IDisplayUpdateSender)
FNDA:0,System.Void HaddySimHub.Displays.ACRally.Display::.ctor(HaddySimHub.Interfaces.IGameDataProvider`1<HaddySimHub.Displays.ACRally.ACRallyTelemetry>,HaddySimHub.Interfaces.IDataConverter`2<HaddySimHub.Displays.ACRally.ACRallyTelemetry,HaddySimHub.Models.DisplayUpdate>,HaddySimHub.Interfaces.IDisplayUpdateSender)
DA:20,0
DA:21,0
DA:22,0
LF:5
LH:0
BRF:0
BRH:0
FNF:3
FNH:0
end_of_record
SF:C:\0Code\HaddySimHub\HaddySimHub\Displays\ACC\ACCDataConverter.cs
FN:11,HaddySimHub.Models.DisplayUpdate HaddySimHub.Displays.ACC.ACCDataConverter::Convert(HaddySimHub.Displays.ACC.ACCTelemetry)
FNDA:15,HaddySimHub.Models.DisplayUpdate HaddySimHub.Displays.ACC.ACCDataConverter::Convert(HaddySimHub.Displays.ACC.ACCTelemetry)
DA:12,15
DA:14,15
DA:15,15
DA:16,1
DA:17,13
DA:18,1
DA:19,0
DA:20,15
DA:23,15
DA:26,15
DA:27,15
DA:28,13
DA:29,1
DA:30,1
DA:31,0
DA:32,15
DA:35,15
DA:37,15
DA:38,15
DA:39,15
DA:40,15
DA:41,15
DA:42,15
DA:43,15
DA:44,15
DA:45,15
DA:46,15
DA:47,15
DA:48,15
DA:49,15
DA:50,15
DA:51,15
DA:52,15
DA:53,15
DA:54,15
DA:55,15
DA:56,15
DA:57,15
DA:58,15
DA:59,15
DA:60,15
DA:61,15
DA:62,15
DA:63,15
DA:64,15
DA:65,15
DA:66,15
DA:67,15
DA:68,15
DA:70,15
DA:71,15
DA:72,15
DA:73,15
DA:74,15
DA:75,15
BRDA:14,20,0,14
BRDA:14,29,0,1
BRDA:14,20,1,1
BRDA:14,29,1,13
BRDA:14,38,1,1
BRDA:14,38,0,0
BRDA:26,124,1,13
BRDA:26,124,2,1
BRDA:26,124,3,1
BRDA:26,124,0,0
LF:55
LH:53
BRF:10
BRH:8
FNF:1
FNH:1
end_of_record
SF:C:\0Code\HaddySimHub\HaddySimHub\Displays\ACC\ACCGameDataProvider.cs
FN:8,System.Void HaddySimHub.Displays.ACC.ACCGameDataProvider::Start()
FNDA:0,System.Void HaddySimHub.Displays.ACC.ACCGameDataProvider::Start()
DA:9,0
DA:10,0
DA:11,0
DA:13,0
DA:14,0
DA:15,0
DA:16,0
DA:17,0
DA:18,0
DA:20,0
DA:21,0
DA:22,0
DA:23,0
BRDA:14,89,0,0
BRDA:14,89,1,0
FN:25,System.Void HaddySimHub.Displays.ACC.ACCGameDataProvider::Stop()
FNDA:0,System.Void HaddySimHub.Displays.ACC.ACCGameDataProvider::Stop()
DA:26,0
DA:27,0
DA:28,0
DA:29,0
FN:31,System.Void HaddySimHub.Displays.ACC.ACCGameDataProvider::UpdateTelemetry(System.Object)
FNDA:0,System.Void HaddySimHub.Displays.ACC.ACCGameDataProvider::UpdateTelemetry(System.Object)
DA:32,0
DA:33,0
DA:34,0
DA:35,0
DA:36,0
DA:39,0
DA:40,0
DA:41,0
DA:42,0
DA:43,0
DA:44,0
DA:45,0
DA:46,0
DA:47,0
DA:49,0
DA:50,0
DA:51,0
DA:52,0
BRDA:33,7,0,0
BRDA:33,7,1,0
BRDA:33,29,0,0
BRDA:33,29,1,0
BRDA:39,64,0,0
BRDA:41,82,0,0
BRDA:41,82,1,0
BRDA:39,64,1,0
FN:54,HaddySimHub.Displays.ACC.ACCSharedMemoryReader HaddySimHub.Displays.ACC.ACCGameDataProvider::CreateReader()
FNDA:0,HaddySimHub.Displays.ACC.ACCSharedMemoryReader HaddySimHub.Displays.ACC.ACCGameDataProvider::CreateReader()
DA:55,0
DA:56,0
DA:57,0
FN:59,System.Void HaddySimHub.Displays.ACC.ACCGameDataProvider::ConnectReader(HaddySimHub.Displays.ACC.ACCSharedMemoryReader)
FNDA:0,System.Void HaddySimHub.Displays.ACC.ACCGameDataProvider::ConnectReader(HaddySimHub.Displays.ACC.ACCSharedMemoryReader)
DA:60,0
DA:61,0
DA:62,0
FN:64,System.Void HaddySimHub.Displays.ACC.ACCGameDataProvider::DisconnectReader(HaddySimHub.Displays.ACC.ACCSharedMemoryReader)
FNDA:0,System.Void HaddySimHub.Displays.ACC.ACCGameDataProvider::DisconnectReader(HaddySimHub.Displays.ACC.ACCSharedMemoryReader)
DA:65,0
DA:66,0
DA:67,0
DA:68,0
BRDA:66,2,1,0
BRDA:66,2,0,0
BRDA:67,14,1,0
BRDA:67,14,0,0
FN:70,System.Boolean HaddySimHub.Displays.ACC.ACCGameDataProvider::IsConnected(HaddySimHub.Displays.ACC.ACCSharedMemoryReader)
FNDA:0,System.Boolean HaddySimHub.Displays.ACC.ACCGameDataProvider::IsConnected(HaddySimHub.Displays.ACC.ACCSharedMemoryReader)
DA:71,0
DA:72,0
DA:73,0
BRDA:72,2,0,0
BRDA:72,2,1,0
FN:75,System.Boolean HaddySimHub.Displays.ACC.ACCGameDataProvider::TryReadTelemetry(HaddySimHub.Displays.ACC.ACCSharedMemoryReader,HaddySimHub.Displays.ACC.ACCTelemetry&)
FNDA:0,System.Boolean HaddySimHub.Displays.ACC.ACCGameDataProvider::TryReadTelemetry(HaddySimHub.Displays.ACC.ACCSharedMemoryReader,HaddySimHub.Displays.ACC.ACCTelemetry&)
DA:76,0
DA:77,0
DA:78,0
FN:80,System.Boolean HaddySimHub.Displays.ACC.ACCGameDataProvider::HasDataChanged(HaddySimHub.Displays.ACC.ACCTelemetry,HaddySimHub.Displays.ACC.ACCTelemetry)
FNDA:0,System.Boolean HaddySimHub.Displays.ACC.ACCGameDataProvider::HasDataChanged(HaddySimHub.Displays.ACC.ACCTelemetry,HaddySimHub.Displays.ACC.ACCTelemetry)
DA:81,0
DA:82,0
DA:83,0
LF:54
LH:0
BRF:16
BRH:0
FNF:9
FNH:0
end_of_record
SF:C:\0Code\HaddySimHub\HaddySimHub\Displays\ACC\ACCSharedMemoryReader.cs
FN:16,System.Boolean HaddySimHub.Displays.ACC.ACCSharedMemoryReader::get_IsConnected()
FNDA:0,System.Boolean HaddySimHub.Displays.ACC.ACCSharedMemoryReader::get_IsConnected()
DA:17,0
FN:19,System.Void HaddySimHub.Displays.ACC.ACCSharedMemoryReader::Connect()
FNDA:0,System.Void HaddySimHub.Displays.ACC.ACCSharedMemoryReader::Connect()
DA:20,0
DA:21,0
DA:23,0
DA:24,0
DA:26,0
DA:28,0
DA:29,0
DA:30,0
DA:31,0
DA:32,0
DA:33,0
DA:34,0
DA:35,0
DA:36,0
DA:37,0
FN:39,System.Boolean HaddySimHub.Displays.ACC.ACCSharedMemoryReader::TryReadTelemetry(HaddySimHub.Displays.ACC.ACCTelemetry&)
FNDA:0,System.Boolean HaddySimHub.Displays.ACC.ACCSharedMemoryReader::TryReadTelemetry(HaddySimHub.Displays.ACC.ACCTelemetry&)
DA:40,0
DA:41,0
DA:43,0
DA:44,0
DA:45,0
DA:46,0
DA:50,0
DA:51,0
DA:52,0
DA:54,0
DA:55,0
DA:56,0
DA:57,0
DA:58,0
DA:60,0
BRDA:43,14,0,0
BRDA:43,14,1,0
BRDA:43,30,0,0
BRDA:43,30,1,0
FN:62,System.Void HaddySimHub.Displays.ACC.ACCSharedMemoryReader::Disconnect()
FNDA:0,System.Void HaddySimHub.Displays.ACC.ACCSharedMemoryReader::Disconnect()
DA:63,0
DA:64,0
DA:65,0
DA:66,0
DA:67,0
BRDA:64,8,0,0
BRDA:64,8,1,0
BRDA:65,26,0,0
BRDA:65,26,1,0
FN:69,System.Void HaddySimHub.Displays.ACC.ACCSharedMemoryReader::Dispose()
FNDA:0,System.Void HaddySimHub.Displays.ACC.ACCSharedMemoryReader::Dispose()
DA:70,0
DA:71,0
DA:72,0
LF:39
LH:0
BRF:8
BRH:0
FNF:5
FNH:0
end_of_record
SF:C:\0Code\HaddySimHub\HaddySimHub\Displays\ACC\Display.cs
FN:11,System.String HaddySimHub.Displays.ACC.Display::get_Description()
FNDA:0,System.String HaddySimHub.Displays.ACC.Display::get_Description()
DA:12,0
FN:13,System.Boolean HaddySimHub.Displays.ACC.Display::get_IsActive()
FNDA:0,System.Boolean HaddySimHub.Displays.ACC.Display::get_IsActive()
DA:14,0
FN:19,System.Void HaddySimHub.Displays.ACC.Display::.ctor(HaddySimHub.Interfaces.IGameDataProvider`1<HaddySimHub.Displays.ACC.ACCTelemetry>,HaddySimHub.Interfaces.IDataConverter`2<HaddySimHub.Displays.ACC.ACCTelemetry,HaddySimHub.Models.DisplayUpdate>,HaddySimHub.Interfaces.IDisplayUpdateSender)
FNDA:0,System.Void HaddySimHub.Displays.ACC.Display::.ctor(HaddySimHub.Interfaces.IGameDataProvider`1<HaddySimHub.Displays.ACC.ACCTelemetry>,HaddySimHub.Interfaces.IDataConverter`2<HaddySimHub.Displays.ACC.ACCTelemetry,HaddySimHub.Models.DisplayUpdate>,HaddySimHub.Interfaces.IDisplayUpdateSender)
DA:20,0
DA:21,0
DA:22,0
LF:5
LH:0
BRF:0
BRH:0
FNF:3
FNH:0
end_of_record
SF:C:\0Code\HaddySimHub\HaddySimHub.Shared\ProcessHelper.cs
FN:7,System.Boolean HaddySimHub.Shared.ProcessHelper::IsProcessRunning(System.String)
FNDA:0,System.Boolean HaddySimHub.Shared.ProcessHelper::IsProcessRunning(System.String)
DA:8,0
DA:9,0
DA:10,0
DA:11,0
LF:4
LH:0
BRF:0
BRH:0
FNF:1
FNH:0
end_of_record
SF:C:\0Code\HaddySimHub\HaddySimHub.Shared\Release.cs
FN:7,System.String HaddySimHub.Shared.Release::get_TagName()
FNDA:0,System.String HaddySimHub.Shared.Release::get_TagName()
DA:8,0
FN:10,HaddySimHub.Shared.Release/Asset[] HaddySimHub.Shared.Release::get_Assets()
FNDA:0,HaddySimHub.Shared.Release/Asset[] HaddySimHub.Shared.Release::get_Assets()
DA:11,0
FN:15,System.String HaddySimHub.Shared.Release/Asset::get_Name()
FNDA:0,System.String HaddySimHub.Shared.Release/Asset::get_Name()
DA:16,0
FN:18,System.String HaddySimHub.Shared.Release/Asset::get_BrowserDownloadUrl()
FNDA:0,System.String HaddySimHub.Shared.Release/Asset::get_BrowserDownloadUrl()
DA:19,0
LF:4
LH:0
BRF:0
BRH:0
FNF:4
FNH:0
end_of_record
SF:C:\0Code\HaddySimHub\HaddySimHub.Shared\UpdateConstants.cs
FN:4,System.Void HaddySimHub.Shared.UpdateConstants::.cctor()
FNDA:0,System.Void HaddySimHub.Shared.UpdateConstants::.cctor()
DA:5,0
DA:6,0
DA:7,0
DA:8,0
LF:4
LH:0
BRF:0
BRH:0
FNF:1
FNH:0
end_of_record
SF:C:\0Code\HaddySimHub\iRacingSDK.Net\Win32\Messages.cs
FN:6,System.Void Win32.Messages::.cctor()
FNDA:0,System.Void Win32.Messages::.cctor()
DA:7,0
LF:1
LH:0
BRF:0
BRH:0
FNF:1
FNH:0
end_of_record
SF:C:\0Code\HaddySimHub\iRacingSDK.Net\CrossThreadEvents.cs
FN:9,System.Void iRacingSDK.CrossThreadEvents`2::Invoke(T1,T2)
FNDA:0,System.Void iRacingSDK.CrossThreadEvents`2::Invoke(T1,T2)
DA:10,0
DA:11,0
DA:12,0
BRDA:11,8,0,0
BRDA:11,8,1,0
FN:16,System.Void iRacingSDK.CrossThreadEvents`2::add_Event(System.Action`2<T1,T2>)
FNDA:0,System.Void iRacingSDK.CrossThreadEvents`2::add_Event(System.Action`2<T1,T2>)
DA:17,0
DA:18,0
DA:21,0
DA:22,0
DA:24,0
DA:26,0
DA:27,0
DA:28,0
BRDA:21,36,0,0
BRDA:21,36,1,0
FN:30,System.Void iRacingSDK.CrossThreadEvents`2::remove_Event(System.Action`2<T1,T2>)
FNDA:0,System.Void iRacingSDK.CrossThreadEvents`2::remove_Event(System.Action`2<T1,T2>)
DA:31,0
DA:32,0
DA:34,0
DA:35,0
DA:37,0
DA:38,0
FN:6,System.Void iRacingSDK.CrossThreadEvents`2::.ctor()
FNDA:0,System.Void iRacingSDK.CrossThreadEvents`2::.ctor()
DA:7,0
FN:48,System.Void iRacingSDK.CrossThreadEvents`1::Invoke(T)
FNDA:0,System.Void iRacingSDK.CrossThreadEvents`1::Invoke(T)
DA:49,0
DA:50,0
DA:51,0
BRDA:50,8,0,0
BRDA:50,8,1,0
FN:55,System.Void iRacingSDK.CrossThreadEvents`1::add_Event(System.Action`1<T>)
FNDA:0,System.Void iRacingSDK.CrossThreadEvents`1::add_Event(System.Action`1<T>)
DA:56,0
DA:57,0
DA:60,0
DA:61,0
DA:63,0
DA:65,0
DA:66,0
DA:67,0
BRDA:60,36,0,0
BRDA:60,36,1,0
FN:69,System.Void iRacingSDK.CrossThreadEvents`1::remove_Event(System.Action`1<T>)
FNDA:0,System.Void iRacingSDK.CrossThreadEvents`1::remove_Event(System.Action`1<T>)
DA:70,0
DA:71,0
DA:73,0
DA:74,0
DA:76,0
DA:77,0
FN:45,System.Void iRacingSDK.CrossThreadEvents`1::.ctor()
FNDA:0,System.Void iRacingSDK.CrossThreadEvents`1::.ctor()
DA:46,0
FN:87,System.Void iRacingSDK.CrossThreadEvents::Invoke()
FNDA:0,System.Void iRacingSDK.CrossThreadEvents::Invoke()
DA:88,0
DA:89,0
DA:90,0
BRDA:89,8,0,0
BRDA:89,8,1,0
FN:93,System.Void iRacingSDK.CrossThreadEvents::add_Event(System.Action)
FNDA:0,System.Void iRacingSDK.CrossThreadEvents::add_Event(System.Action)
DA:94,0
DA:95,0
DA:98,0
DA:99,0
DA:101,0
DA:103,0
DA:104,0
DA:105,0
BRDA:98,36,0,0
BRDA:98,36,1,0
BRDA:99,13,0,0
BRDA:99,13,1,0
FN:107,System.Void iRacingSDK.CrossThreadEvents::remove_Event(System.Action)
FNDA:0,System.Void iRacingSDK.CrossThreadEvents::remove_Event(System.Action)
DA:108,0
DA:109,0
DA:111,0
DA:112,0
DA:114,0
DA:115,0
FN:84,System.Void iRacingSDK.CrossThreadEvents::.ctor()
FNDA:0,System.Void iRacingSDK.CrossThreadEvents::.ctor()
DA:85,0
LF:54
LH:0
BRF:14
BRH:0
FNF:12
FNH:0
end_of_record
SF:C:\0Code\HaddySimHub\iRacingSDK.Net\DataFeed.cs
FN:13,iRacingSDK.DataSample iRacingSDK.DataFeed::GetNextDataSample(System.Int32,System.Boolean)
FNDA:0,iRacingSDK.DataSample iRacingSDK.DataFeed::GetNextDataSample(System.Int32,System.Boolean)
DA:14,0
DA:15,0
DA:16,0
DA:17,0
DA:18,0
DA:19,0
DA:20,0
DA:22,0
DA:23,0
DA:25,0
DA:26,0
DA:27,0
DA:28,0
DA:29,0
DA:31,0
DA:32,0
DA:34,0
DA:35,0
DA:37,0
DA:38,0
DA:39,0
BRDA:22,26,0,0
BRDA:22,26,1,0
BRDA:22,51,0,0
BRDA:22,51,1,0
BRDA:28,182,0,0
BRDA:28,182,1,0
BRDA:31,200,0,0
BRDA:31,200,1,0
BRDA:34,220,0,0
BRDA:34,220,1,0
FN:41,iRacingSDK.iRSDKHeader iRacingSDK.DataFeed::ReadHeader(System.Byte*)
FNDA:0,iRacingSDK.iRSDKHeader iRacingSDK.DataFeed::ReadHeader(System.Byte*)
DA:42,0
DA:43,0
DA:44,0
FN:48,iRacingSDK.VarHeader[] iRacingSDK.DataFeed::ReadVariableHeaders(iRacingSDK.iRSDKHeader,System.Byte*)
FNDA:0,iRacingSDK.VarHeader[] iRacingSDK.DataFeed::ReadVariableHeaders(iRacingSDK.iRSDKHeader,System.Byte*)
DA:49,0
DA:50,0
DA:51,0
DA:53,0
DA:54,0
DA:55,0
DA:56,0
DA:57,0
DA:59,0
DA:60,0
BRDA:53,86,1,0
BRDA:53,86,0,0
FN:65,iRacingSDK.DataSample iRacingSDK.DataFeed::DisconnectedSample()
FNDA:0,iRacingSDK.DataSample iRacingSDK.DataFeed::DisconnectedSample()
DA:66,0
DA:67,0
DA:68,0
DA:69,0
DA:70,0
FN:72,iRacingSDK.SessionData iRacingSDK.DataFeed::ReadSessionInfo(iRacingSDK.iRSDKHeader)
FNDA:0,iRacingSDK.SessionData iRacingSDK.DataFeed::ReadSessionInfo(iRacingSDK.iRSDKHeader)
DA:73,0
DA:74,0
DA:75,0
DA:77,0
DA:78,0
DA:80,0
DA:81,0
DA:82,0
DA:83,0
DA:84,0
DA:85,0
DA:86,0
DA:87,0
DA:88,0
DA:89,0
DA:90,0
DA:91,0
DA:92,0
DA:93,0
DA:94,0
DA:95,0
DA:96,0
DA:97,0
DA:98,0
DA:99,0
DA:100,0
DA:101,0
DA:102,0
DA:103,0
DA:105,0
DA:106,0
DA:108,0
DA:109,0
BRDA:74,42,0,0
BRDA:74,42,1,0
BRDA:105,147,0,0
BRDA:105,147,1,0
BRDA:88,87,0,0
BRDA:88,87,1,0
FN:111,iRacingSDK.SessionData iRacingSDK.DataFeed::DeserialiseSessionInfo(System.String,System.Int32)
FNDA:0,iRacingSDK.SessionData iRacingSDK.DataFeed::DeserialiseSessionInfo(System.String,System.Int32)
DA:112,0
DA:113,0
DA:114,0
DA:117,0
DA:118,0
DA:119,0
DA:121,0
DA:123,0
DA:124,0
DA:125,0
DA:126,0
DA:128,0
DA:129,0
DA:130,0
DA:132,0
DA:134,0
BRDA:113,12,0,0
BRDA:113,12,1,0
FN:136,iRacingSDK.Telemetry iRacingSDK.DataFeed::ReadVariables(iRacingSDK.iRSDKHeader,iRacingSDK.VarHeader[],System.Int32,System.Boolean)
FNDA:0,iRacingSDK.Telemetry iRacingSDK.DataFeed::ReadVariables(iRacingSDK.iRSDKHeader,iRacingSDK.VarHeader[],System.Int32,System.Boolean)
DA:137,0
DA:138,0
DA:140,0
DA:141,0
DA:142,0
DA:143,0
DA:146,0
DA:147,0
DA:149,0
DA:150,0
DA:151,0
DA:152,0
DA:155,0
DA:156,0
DA:157,0
BRDA:140,20,0,0
BRDA:140,20,1,0
BRDA:149,98,0,0
BRDA:149,98,1,0
FN:159,iRacingSDK.Telemetry iRacingSDK.DataFeed::ReadAllValues(System.IO.MemoryMappedFiles.MemoryMappedViewAccessor,System.Int32,iRacingSDK.VarHeader[])
FNDA:0,iRacingSDK.Telemetry iRacingSDK.DataFeed::ReadAllValues(System.IO.MemoryMappedFiles.MemoryMappedViewAccessor,System.Int32,iRacingSDK.VarHeader[])
DA:160,0
DA:161,0
DA:163,0
DA:164,0
DA:165,0
DA:166,0
DA:167,0
DA:168,0
DA:169,0
DA:171,0
DA:172,0
DA:173,0
DA:174,0
DA:175,0
DA:176,0
DA:177,0
DA:179,0
DA:180,0
DA:181,0
DA:182,0
DA:184,0
DA:185,0
DA:188,0
DA:189,0
DA:191,0
DA:193,0
DA:194,0
DA:196,0
DA:197,0
BRDA:179,390,1,0
BRDA:184,276,0,0
BRDA:184,276,1,0
BRDA:188,301,0,0
BRDA:188,301,1,0
BRDA:179,390,0,0
FN:199,T[] iRacingSDK.DataFeed::GetArrayData(System.IO.MemoryMappedFiles.MemoryMappedViewAccessor,System.Int32,System.Int32)
FNDA:0,T[] iRacingSDK.DataFeed::GetArrayData(System.IO.MemoryMappedFiles.MemoryMappedViewAccessor,System.Int32,System.Int32)
DA:200,0
DA:201,0
DA:202,0
DA:203,0
DA:204,0
FN:8,System.Void iRacingSDK.DataFeed::.ctor(System.IO.MemoryMappedFiles.MemoryMappedViewAccessor)
FNDA:0,System.Void iRacingSDK.DataFeed::.ctor(System.IO.MemoryMappedFiles.MemoryMappedViewAccessor)
DA:9,0
DA:11,0
DA:62,0
FN:45,System.Void iRacingSDK.DataFeed::.cctor()
FNDA:0,System.Void iRacingSDK.DataFeed::.cctor()
DA:46,0
LF:141
LH:0
BRF:30
BRH:0
FNF:11
FNH:0
end_of_record
SF:C:\0Code\HaddySimHub\iRacingSDK.Net\DataFeed\Car.cs
FN:19,System.Int32 iRacingSDK.Car::get_Index()
FNDA:0,System.Int32 iRacingSDK.Car::get_Index()
DA:20,0
FN:20,System.Int32 iRacingSDK.Car::get_CarIdx()
FNDA:0,System.Int32 iRacingSDK.Car::get_CarIdx()
DA:21,0
FN:22,System.Int32 iRacingSDK.Car::get_Lap()
FNDA:0,System.Int32 iRacingSDK.Car::get_Lap()
DA:23,0
FN:23,System.Single iRacingSDK.Car::get_DistancePercentage()
FNDA:0,System.Single iRacingSDK.Car::get_DistancePercentage()
DA:24,0
FN:24,System.Single iRacingSDK.Car::get_TotalDistance()
FNDA:0,System.Single iRacingSDK.Car::get_TotalDistance()
DA:25,0
FN:25,iRacingSDK.LapSector iRacingSDK.Car::get_LapSector()
FNDA:0,iRacingSDK.LapSector iRacingSDK.Car::get_LapSector()
DA:26,0
FN:26,System.Int32 iRacingSDK.Car::get_Position()
FNDA:0,System.Int32 iRacingSDK.Car::get_Position()
DA:27,0
FN:27,System.Int32 iRacingSDK.Car::get_OfficialPostion()
FNDA:0,System.Int32 iRacingSDK.Car::get_OfficialPostion()
[...]
DA:78,58
FN:82,SCSSdkClient.Object.SCSTelemetry/DPlacement SCSSdkClient.Object.SCSTelemetry/Truck/Current::get_PositionValue()
FNDA:58,SCSSdkClient.Object.SCSTelemetry/DPlacement SCSSdkClient.Object.SCSTelemetry/Truck/Current::get_PositionValue()
DA:83,58
FN:91,SCSSdkClient.Object.SCSTelemetry/Truck/Current/Motor/Gear SCSSdkClient.Object.SCSTelemetry/Truck/Current/Motor::get_GearValues()
FNDA:174,SCSSdkClient.Object.SCSTelemetry/Truck/Current/Motor/Gear SCSSdkClient.Object.SCSTelemetry/Truck/Current/Motor::get_GearValues()
DA:92,174
FN:96,SCSSdkClient.Object.SCSTelemetry/Truck/Current/Motor/Brakes SCSSdkClient.Object.SCSTelemetry/Truck/Current/Motor::get_BrakeValues()
FNDA:290,SCSSdkClient.Object.SCSTelemetry/Truck/Current/Motor/Brakes SCSSdkClient.Object.SCSTelemetry/Truck/Current/Motor::get_BrakeValues()
DA:97,290
FN:117,System.UInt32 SCSSdkClient.Object.SCSTelemetry/Truck/Current/Motor/Gear::get_HShifterSlot()
FNDA:0,System.UInt32 SCSSdkClient.Object.SCSTelemetry/Truck/Current/Motor/Gear::get_HShifterSlot()
DA:118,0
FN:127,System.Int32 SCSSdkClient.Object.SCSTelemetry/Truck/Current/Motor/Gear::get_Selected()
FNDA:116,System.Int32 SCSSdkClient.Object.SCSTelemetry/Truck/Current/Motor/Gear::get_Selected()
DA:128,116
FN:132,System.Boolean[] SCSSdkClient.Object.SCSTelemetry/Truck/Current/Motor/Gear::get_HShifterSelector()
FNDA:58,System.Boolean[] SCSSdkClient.Object.SCSTelemetry/Truck/Current/Motor/Gear::get_HShifterSelector()
DA:133,58
FN:151,System.UInt32 SCSSdkClient.Object.SCSTelemetry/Truck/Current/Motor/Brakes::get_RetarderLevel()
FNDA:116,System.UInt32 SCSSdkClient.Object.SCSTelemetry/Truck/Current/Motor/Brakes::get_RetarderLevel()
DA:152,116
FN:156,System.Single SCSSdkClient.Object.SCSTelemetry/Truck/Current/Motor/Brakes::get_AirPressure()
FNDA:0,System.Single SCSSdkClient.Object.SCSTelemetry/Truck/Current/Motor/Brakes::get_AirPressure()
DA:157,0
FN:161,System.Single SCSSdkClient.Object.SCSTelemetry/Truck/Current/Motor/Brakes::get_Temperature()
FNDA:0,System.Single SCSSdkClient.Object.SCSTelemetry/Truck/Current/Motor/Brakes::get_Temperature()
DA:162,0
FN:166,System.Boolean SCSSdkClient.Object.SCSTelemetry/Truck/Current/Motor/Brakes::get_ParkingBrake()
FNDA:116,System.Boolean SCSSdkClient.Object.SCSTelemetry/Truck/Current/Motor/Brakes::get_ParkingBrake()
DA:167,116
FN:171,System.Boolean SCSSdkClient.Object.SCSTelemetry/Truck/Current/Motor/Brakes::get_MotorBrake()
FNDA:0,System.Boolean SCSSdkClient.Object.SCSTelemetry/Truck/Current/Motor/Brakes::get_MotorBrake()
DA:172,0
FN:194,SCSSdkClient.Object.SCSTelemetry/Truck/Current/Dashboard/Fuel SCSSdkClient.Object.SCSTelemetry/Truck/Current/Dashboard::get_FuelValue()
FNDA:406,SCSSdkClient.Object.SCSTelemetry/Truck/Current/Dashboard/Fuel SCSSdkClient.Object.SCSTelemetry/Truck/Current/Dashboard::get_FuelValue()
DA:195,406
FN:199,SCSSdkClient.Object.SCSTelemetry/Truck/Current/Dashboard/Warnings SCSSdkClient.Object.SCSTelemetry/Truck/Current/Dashboard::get_WarningValues()
FNDA:638,SCSSdkClient.Object.SCSTelemetry/Truck/Current/Dashboard/Warnings SCSSdkClient.Object.SCSTelemetry/Truck/Current/Dashboard::get_WarningValues()
DA:200,638
FN:210,System.Int32 SCSSdkClient.Object.SCSTelemetry/Truck/Current/Dashboard::get_GearDashboards()
FNDA:0,System.Int32 SCSSdkClient.Object.SCSTelemetry/Truck/Current/Dashboard::get_GearDashboards()
DA:211,0
FN:218,SCSSdkClient.Object.SCSTelemetry/Movement SCSSdkClient.Object.SCSTelemetry/Truck/Current/Dashboard::get_Speed()
FNDA:174,SCSSdkClient.Object.SCSTelemetry/Movement SCSSdkClient.Object.SCSTelemetry/Truck/Current/Dashboard::get_Speed()
DA:219,174
FN:226,SCSSdkClient.Object.SCSTelemetry/Movement SCSSdkClient.Object.SCSTelemetry/Truck/Current/Dashboard::get_CruiseControlSpeed()
FNDA:174,SCSSdkClient.Object.SCSTelemetry/Movement SCSSdkClient.Object.SCSTelemetry/Truck/Current/Dashboard::get_CruiseControlSpeed()
DA:227,174
FN:231,System.Single SCSSdkClient.Object.SCSTelemetry/Truck/Current/Dashboard::get_AdBlue()
FNDA:116,System.Single SCSSdkClient.Object.SCSTelemetry/Truck/Current/Dashboard::get_AdBlue()
DA:232,116
FN:236,System.Single SCSSdkClient.Object.SCSTelemetry/Truck/Current/Dashboard::get_OilPressure()
FNDA:116,System.Single SCSSdkClient.Object.SCSTelemetry/Truck/Current/Dashboard::get_OilPressure()
DA:237,116
FN:241,System.Single SCSSdkClient.Object.SCSTelemetry/Truck/Current/Dashboard::get_OilTemperature()
FNDA:116,System.Single SCSSdkClient.Object.SCSTelemetry/Truck/Current/Dashboard::get_OilTemperature()
DA:242,116
FN:246,System.Single SCSSdkClient.Object.SCSTelemetry/Truck/Current/Dashboard::get_WaterTemperature()
FNDA:116,System.Single SCSSdkClient.Object.SCSTelemetry/Truck/Current/Dashboard::get_WaterTemperature()
DA:247,116
FN:251,System.Single SCSSdkClient.Object.SCSTelemetry/Truck/Current/Dashboard::get_BatteryVoltage()
FNDA:116,System.Single SCSSdkClient.Object.SCSTelemetry/Truck/Current/Dashboard::get_BatteryVoltage()
DA:252,116
FN:256,System.Single SCSSdkClient.Object.SCSTelemetry/Truck/Current/Dashboard::get_RPM()
FNDA:116,System.Single SCSSdkClient.Object.SCSTelemetry/Truck/Current/Dashboard::get_RPM()
DA:257,116
FN:261,System.Single SCSSdkClient.Object.SCSTelemetry/Truck/Current/Dashboard::get_Odometer()
FNDA:0,System.Single SCSSdkClient.Object.SCSTelemetry/Truck/Current/Dashboard::get_Odometer()
DA:262,0
FN:266,System.Boolean SCSSdkClient.Object.SCSTelemetry/Truck/Current/Dashboard::get_Wipers()
FNDA:58,System.Boolean SCSSdkClient.Object.SCSTelemetry/Truck/Current/Dashboard::get_Wipers()
DA:267,58
FN:271,System.Boolean SCSSdkClient.Object.SCSTelemetry/Truck/Current/Dashboard::get_CruiseControl()
FNDA:116,System.Boolean SCSSdkClient.Object.SCSTelemetry/Truck/Current/Dashboard::get_CruiseControl()
DA:272,116
FN:281,System.Single SCSSdkClient.Object.SCSTelemetry/Truck/Current/Dashboard/Fuel::get_Amount()
FNDA:116,System.Single SCSSdkClient.Object.SCSTelemetry/Truck/Current/Dashboard/Fuel::get_Amount()
DA:282,116
FN:286,System.Single SCSSdkClient.Object.SCSTelemetry/Truck/Current/Dashboard/Fuel::get_AverageConsumption()
FNDA:116,System.Single SCSSdkClient.Object.SCSTelemetry/Truck/Current/Dashboard/Fuel::get_AverageConsumption()
DA:287,116
FN:291,System.Single SCSSdkClient.Object.SCSTelemetry/Truck/Current/Dashboard/Fuel::get_Range()
FNDA:116,System.Single SCSSdkClient.Object.SCSTelemetry/Truck/Current/Dashboard/Fuel::get_Range()
DA:292,116
FN:301,System.Boolean SCSSdkClient.Object.SCSTelemetry/Truck/Current/Dashboard/Warnings::get_AirPressure()
FNDA:0,System.Boolean SCSSdkClient.Object.SCSTelemetry/Truck/Current/Dashboard/Warnings::get_AirPressure()
DA:302,0
FN:306,System.Boolean SCSSdkClient.Object.SCSTelemetry/Truck/Current/Dashboard/Warnings::get_AirPressureEmergency()
FNDA:0,System.Boolean SCSSdkClient.Object.SCSTelemetry/Truck/Current/Dashboard/Warnings::get_AirPressureEmergency()
DA:307,0
FN:311,System.Boolean SCSSdkClient.Object.SCSTelemetry/Truck/Current/Dashboard/Warnings::get_FuelW()
FNDA:116,System.Boolean SCSSdkClient.Object.SCSTelemetry/Truck/Current/Dashboard/Warnings::get_FuelW()
DA:312,116
FN:316,System.Boolean SCSSdkClient.Object.SCSTelemetry/Truck/Current/Dashboard/Warnings::get_AdBlue()
FNDA:116,System.Boolean SCSSdkClient.Object.SCSTelemetry/Truck/Current/Dashboard/Warnings::get_AdBlue()
DA:317,116
FN:321,System.Boolean SCSSdkClient.Object.SCSTelemetry/Truck/Current/Dashboard/Warnings::get_OilPressure()
FNDA:116,System.Boolean SCSSdkClient.Object.SCSTelemetry/Truck/Current/Dashboard/Warnings::get_OilPressure()
DA:322,116
FN:326,System.Boolean SCSSdkClient.Object.SCSTelemetry/Truck/Current/Dashboard/Warnings::get_WaterTemperature()
FNDA:116,System.Boolean SCSSdkClient.Object.SCSTelemetry/Truck/Current/Dashboard/Warnings::get_WaterTemperature()
DA:327,116
FN:331,System.Boolean SCSSdkClient.Object.SCSTelemetry/Truck/Current/Dashboard/Warnings::get_BatteryVoltage()
FNDA:116,System.Boolean SCSSdkClient.Object.SCSTelemetry/Truck/Current/Dashboard/Warnings::get_BatteryVoltage()
DA:332,116
FN:348,SCSSdkClient.AuxLevel SCSSdkClient.Object.SCSTelemetry/Truck/Current/Lights::get_AuxFront()
FNDA:58,SCSSdkClient.AuxLevel SCSSdkClient.Object.SCSTelemetry/Truck/Current/Lights::get_AuxFront()
DA:349,58
FN:353,SCSSdkClient.AuxLevel SCSSdkClient.Object.SCSTelemetry/Truck/Current/Lights::get_AuxRoof()
FNDA:58,SCSSdkClient.AuxLevel SCSSdkClient.Object.SCSTelemetry/Truck/Current/Lights::get_AuxRoof()
DA:354,58
FN:358,System.Single SCSSdkClient.Object.SCSTelemetry/Truck/Current/Lights::get_DashboardBacklight()
FNDA:0,System.Single SCSSdkClient.Object.SCSTelemetry/Truck/Current/Lights::get_DashboardBacklight()
DA:359,0
FN:369,System.Boolean SCSSdkClient.Object.SCSTelemetry/Truck/Current/Lights::get_BlinkerLeftActive()
FNDA:0,System.Boolean SCSSdkClient.Object.SCSTelemetry/Truck/Current/Lights::get_BlinkerLeftActive()
DA:370,0
FN:374,System.Boolean SCSSdkClient.Object.SCSTelemetry/Truck/Current/Lights::get_BlinkerLeftOn()
FNDA:116,System.Boolean SCSSdkClient.Object.SCSTelemetry/Truck/Current/Lights::get_BlinkerLeftOn()
DA:375,116
FN:385,System.Boolean SCSSdkClient.Object.SCSTelemetry/Truck/Current/Lights::get_BlinkerRightActive()
FNDA:0,System.Boolean SCSSdkClient.Object.SCSTelemetry/Truck/Current/Lights::get_BlinkerRightActive()
DA:386,0
FN:390,System.Boolean SCSSdkClient.Object.SCSTelemetry/Truck/Current/Lights::get_BlinkerRightOn()
FNDA:116,System.Boolean SCSSdkClient.Object.SCSTelemetry/Truck/Current/Lights::get_BlinkerRightOn()
DA:391,116
FN:395,System.Boolean SCSSdkClient.Object.SCSTelemetry/Truck/Current/Lights::get_Parking()
FNDA:116,System.Boolean SCSSdkClient.Object.SCSTelemetry/Truck/Current/Lights::get_Parking()
DA:396,116
FN:400,System.Boolean SCSSdkClient.Object.SCSTelemetry/Truck/Current/Lights::get_BeamLow()
FNDA:116,System.Boolean SCSSdkClient.Object.SCSTelemetry/Truck/Current/Lights::get_BeamLow()
DA:401,116
FN:405,System.Boolean SCSSdkClient.Object.SCSTelemetry/Truck/Current/Lights::get_BeamHigh()
FNDA:116,System.Boolean SCSSdkClient.Object.SCSTelemetry/Truck/Current/Lights::get_BeamHigh()
DA:406,116
FN:410,System.Boolean SCSSdkClient.Object.SCSTelemetry/Truck/Current/Lights::get_Beacon()
FNDA:0,System.Boolean SCSSdkClient.Object.SCSTelemetry/Truck/Current/Lights::get_Beacon()
DA:411,0
FN:415,System.Boolean SCSSdkClient.Object.SCSTelemetry/Truck/Current/Lights::get_Brake()
FNDA:0,System.Boolean SCSSdkClient.Object.SCSTelemetry/Truck/Current/Lights::get_Brake()
DA:416,0
FN:420,System.Boolean SCSSdkClient.Object.SCSTelemetry/Truck/Current/Lights::get_Reverse()
FNDA:0,System.Boolean SCSSdkClient.Object.SCSTelemetry/Truck/Current/Lights::get_Reverse()
DA:421,0
FN:430,System.Boolean SCSSdkClient.Object.SCSTelemetry/Truck/Current/Lights::get_HazardWarningLights()
FNDA:116,System.Boolean SCSSdkClient.Object.SCSTelemetry/Truck/Current/Lights::get_HazardWarningLights()
DA:431,116
FN:467,System.UInt32[] SCSSdkClient.Object.SCSTelemetry/Truck/Current/Wheels::get_Substance()
FNDA:58,System.UInt32[] SCSSdkClient.Object.SCSTelemetry/Truck/Current/Wheels::get_Substance()
DA:468,58
FN:472,System.Single[] SCSSdkClient.Object.SCSTelemetry/Truck/Current/Wheels::get_SuspDeflection()
FNDA:58,System.Single[] SCSSdkClient.Object.SCSTelemetry/Truck/Current/Wheels::get_SuspDeflection()
DA:473,58
FN:480,System.Single[] SCSSdkClient.Object.SCSTelemetry/Truck/Current/Wheels::get_Velocity()
FNDA:58,System.Single[] SCSSdkClient.Object.SCSTelemetry/Truck/Current/Wheels::get_Velocity()
DA:481,58
FN:490,System.Single[] SCSSdkClient.Object.SCSTelemetry/Truck/Current/Wheels::get_Steering()
FNDA:58,System.Single[] SCSSdkClient.Object.SCSTelemetry/Truck/Current/Wheels::get_Steering()
DA:491,58
FN:498,System.Single[] SCSSdkClient.Object.SCSTelemetry/Truck/Current/Wheels::get_Rotation()
FNDA:58,System.Single[] SCSSdkClient.Object.SCSTelemetry/Truck/Current/Wheels::get_Rotation()
DA:499,58
FN:511,System.Single[] SCSSdkClient.Object.SCSTelemetry/Truck/Current/Wheels::get_Lift()
FNDA:58,System.Single[] SCSSdkClient.Object.SCSTelemetry/Truck/Current/Wheels::get_Lift()
DA:512,58
FN:521,System.Single[] SCSSdkClient.Object.SCSTelemetry/Truck/Current/Wheels::get_LiftOffset()
FNDA:58,System.Single[] SCSSdkClient.Object.SCSTelemetry/Truck/Current/Wheels::get_LiftOffset()
DA:522,58
FN:526,System.Boolean[] SCSSdkClient.Object.SCSTelemetry/Truck/Current/Wheels::get_OnGround()
FNDA:58,System.Boolean[] SCSSdkClient.Object.SCSTelemetry/Truck/Current/Wheels::get_OnGround()
DA:527,58
FN:536,System.Single SCSSdkClient.Object.SCSTelemetry/Truck/Current/Damage::get_Engine()
FNDA:116,System.Single SCSSdkClient.Object.SCSTelemetry/Truck/Current/Damage::get_Engine()
DA:537,116
FN:541,System.Single SCSSdkClient.Object.SCSTelemetry/Truck/Current/Damage::get_Transmission()
FNDA:58,System.Single SCSSdkClient.Object.SCSTelemetry/Truck/Current/Damage::get_Transmission()
DA:542,58
FN:546,System.Single SCSSdkClient.Object.SCSTelemetry/Truck/Current/Damage::get_Cabin()
FNDA:116,System.Single SCSSdkClient.Object.SCSTelemetry/Truck/Current/Damage::get_Cabin()
DA:547,116
FN:551,System.Single SCSSdkClient.Object.SCSTelemetry/Truck/Current/Damage::get_Chassis()
FNDA:58,System.Single SCSSdkClient.Object.SCSTelemetry/Truck/Current/Damage::get_Chassis()
DA:552,58
FN:556,System.Single SCSSdkClient.Object.SCSTelemetry/Truck/Current/Damage::get_WheelsAvg()
FNDA:58,System.Single SCSSdkClient.Object.SCSTelemetry/Truck/Current/Damage::get_WheelsAvg()
DA:557,58
FN:563,SCSSdkClient.Object.SCSTelemetry/FVector SCSSdkClient.Object.SCSTelemetry/Truck/Current/Acceleration::get_LinearVelocity()
FNDA:58,SCSSdkClient.Object.SCSTelemetry/FVector SCSSdkClient.Object.SCSTelemetry/Truck/Current/Acceleration::get_LinearVelocity()
DA:564,58
FN:568,SCSSdkClient.Object.SCSTelemetry/FVector SCSSdkClient.Object.SCSTelemetry/Truck/Current/Acceleration::get_AngularVelocity()
FNDA:58,SCSSdkClient.Object.SCSTelemetry/FVector SCSSdkClient.Object.SCSTelemetry/Truck/Current/Acceleration::get_AngularVelocity()
DA:569,58
FN:573,SCSSdkClient.Object.SCSTelemetry/FVector SCSSdkClient.Object.SCSTelemetry/Truck/Current/Acceleration::get_LinearAcceleration()
FNDA:58,SCSSdkClient.Object.SCSTelemetry/FVector SCSSdkClient.Object.SCSTelemetry/Truck/Current/Acceleration::get_LinearAcceleration()
DA:574,58
FN:578,SCSSdkClient.Object.SCSTelemetry/FVector SCSSdkClient.Object.SCSTelemetry/Truck/Current/Acceleration::get_AngularAcceleration()
FNDA:58,SCSSdkClient.Object.SCSTelemetry/FVector SCSSdkClient.Object.SCSTelemetry/Truck/Current/Acceleration::get_AngularAcceleration()
DA:579,58
FN:583,SCSSdkClient.Object.SCSTelemetry/FVector SCSSdkClient.Object.SCSTelemetry/Truck/Current/Acceleration::get_CabinAngularVelocity()
FNDA:58,SCSSdkClient.Object.SCSTelemetry/FVector SCSSdkClient.Object.SCSTelemetry/Truck/Current/Acceleration::get_CabinAngularVelocity()
DA:584,58
FN:588,SCSSdkClient.Object.SCSTelemetry/FVector SCSSdkClient.Object.SCSTelemetry/Truck/Current/Acceleration::get_CabinAngularAcceleration()
FNDA:58,SCSSdkClient.Object.SCSTelemetry/FVector SCSSdkClient.Object.SCSTelemetry/Truck/Current/Acceleration::get_CabinAngularAcceleration()
DA:589,58
LF:81
LH:61
BRF:0
BRH:0
FNF:81
FNH:61
end_of_record
SF:C:\0Code\HaddySimHub\SCSSdkClient\Object\SCSTelemetry.Truck.Position.cs
FN:25,SCSSdkClient.Object.SCSTelemetry/FVector SCSSdkClient.Object.SCSTelemetry/PositionData::get_Cabin()
FNDA:58,SCSSdkClient.Object.SCSTelemetry/FVector SCSSdkClient.Object.SCSTelemetry/PositionData::get_Cabin()
DA:26,58
FN:30,SCSSdkClient.Object.SCSTelemetry/FVector SCSSdkClient.Object.SCSTelemetry/PositionData::get_Head()
FNDA:58,SCSSdkClient.Object.SCSTelemetry/FVector SCSSdkClient.Object.SCSTelemetry/PositionData::get_Head()
DA:31,58
FN:35,SCSSdkClient.Object.SCSTelemetry/FVector SCSSdkClient.Object.SCSTelemetry/PositionData::get_Hook()
FNDA:58,SCSSdkClient.Object.SCSTelemetry/FVector SCSSdkClient.Object.SCSTelemetry/PositionData::get_Hook()
DA:36,58
FN:41,SCSSdkClient.Object.SCSTelemetry/FPlacement SCSSdkClient.Object.SCSTelemetry/PositionData::get_HeadOffset()
FNDA:58,SCSSdkClient.Object.SCSTelemetry/FPlacement SCSSdkClient.Object.SCSTelemetry/PositionData::get_HeadOffset()
DA:42,58
FN:47,SCSSdkClient.Object.SCSTelemetry/FPlacement SCSSdkClient.Object.SCSTelemetry/PositionData::get_CabinOffset()
FNDA:58,SCSSdkClient.Object.SCSTelemetry/FPlacement SCSSdkClient.Object.SCSTelemetry/PositionData::get_CabinOffset()
DA:48,58
FN:50,SCSSdkClient.Object.SCSTelemetry/DPlacement SCSSdkClient.Object.SCSTelemetry/PositionData::get_TruckPosition()
FNDA:58,SCSSdkClient.Object.SCSTelemetry/DPlacement SCSSdkClient.Object.SCSTelemetry/PositionData::get_TruckPosition()
DA:51,58
FN:57,SCSSdkClient.Object.SCSTelemetry/FVector SCSSdkClient.Object.SCSTelemetry/PositionData::get_HeadPositionInCabinSpace()
FNDA:0,SCSSdkClient.Object.SCSTelemetry/FVector SCSSdkClient.Object.SCSTelemetry/PositionData::get_HeadPositionInCabinSpace()
DA:58,0
FN:64,SCSSdkClient.Object.SCSTelemetry/FVector SCSSdkClient.Object.SCSTelemetry/PositionData::get_HeadPositionInVehicleSpace()
FNDA:0,SCSSdkClient.Object.SCSTelemetry/FVector SCSSdkClient.Object.SCSTelemetry/PositionData::get_HeadPositionInVehicleSpace()
DA:65,0
FN:69,SCSSdkClient.Object.SCSTelemetry/DVector SCSSdkClient.Object.SCSTelemetry/PositionData::get_HeadPositionInWorldSpace()
FNDA:0,SCSSdkClient.Object.SCSTelemetry/DVector SCSSdkClient.Object.SCSTelemetry/PositionData::get_HeadPositionInWorldSpace()
DA:70,0
DA:71,0
DA:72,0
FN:78,SCSSdkClient.Object.SCSTelemetry/DVector SCSSdkClient.Object.SCSTelemetry/PositionData::get_CabinPositionInWorlSpace()
FNDA:0,SCSSdkClient.Object.SCSTelemetry/DVector SCSSdkClient.Object.SCSTelemetry/PositionData::get_CabinPositionInWorlSpace()
DA:79,0
FN:85,SCSSdkClient.Object.SCSTelemetry/DVector SCSSdkClient.Object.SCSTelemetry/PositionData::get_HookPositionInWorldSpace()
FNDA:0,SCSSdkClient.Object.SCSTelemetry/DVector SCSSdkClient.Object.SCSTelemetry/PositionData::get_HookPositionInWorldSpace()
DA:86,0
LF:13
LH:6
BRF:0
BRH:0
FNF:11
FNH:6
end_of_record
SF:C:\0Code\HaddySimHub\SCSSdkClient\Object\SCSTelemetry.Version.cs
FN:11,System.UInt32 SCSSdkClient.Object.SCSTelemetry/Version::get_Major()
FNDA:0,System.UInt32 SCSSdkClient.Object.SCSTelemetry/Version::get_Major()
DA:12,0
FN:16,System.UInt32 SCSSdkClient.Object.SCSTelemetry/Version::get_Minor()
FNDA:0,System.UInt32 SCSSdkClient.Object.SCSTelemetry/Version::get_Minor()
DA:17,0
FN:24,System.String SCSSdkClient.Object.SCSTelemetry/Version::ToString()
FNDA:0,System.String SCSSdkClient.Object.SCSTelemetry/Version::ToString()
DA:25,0
LF:3
LH:0
BRF:0
BRH:0
FNF:3
FNH:0
end_of_record
SF:C:\0Code\HaddySimHub\SCSSdkClient\Object\SCSTelemetry.Wheels.cs
FN:11,System.UInt32 SCSSdkClient.Object.SCSTelemetry/WheelsConstants::get_Count()
FNDA:0,System.UInt32 SCSSdkClient.Object.SCSTelemetry/WheelsConstants::get_Count()
DA:12,0
FN:16,System.Single[] SCSSdkClient.Object.SCSTelemetry/WheelsConstants::get_Radius()
FNDA:58,System.Single[] SCSSdkClient.Object.SCSTelemetry/WheelsConstants::get_Radius()
DA:17,58
FN:21,System.Boolean[] SCSSdkClient.Object.SCSTelemetry/WheelsConstants::get_Simulated()
FNDA:58,System.Boolean[] SCSSdkClient.Object.SCSTelemetry/WheelsConstants::get_Simulated()
DA:22,58
FN:26,System.Boolean[] SCSSdkClient.Object.SCSTelemetry/WheelsConstants::get_Powered()
FNDA:58,System.Boolean[] SCSSdkClient.Object.SCSTelemetry/WheelsConstants::get_Powered()
DA:27,58
FN:31,System.Boolean[] SCSSdkClient.Object.SCSTelemetry/WheelsConstants::get_Liftable()
FNDA:58,System.Boolean[] SCSSdkClient.Object.SCSTelemetry/WheelsConstants::get_Liftable()
DA:32,58
FN:36,System.Boolean[] SCSSdkClient.Object.SCSTelemetry/WheelsConstants::get_Steerable()
FNDA:58,System.Boolean[] SCSSdkClient.Object.SCSTelemetry/WheelsConstants::get_Steerable()
DA:37,58
FN:42,SCSSdkClient.Object.SCSTelemetry/FVector[] SCSSdkClient.Object.SCSTelemetry/WheelsConstants::get_PositionValues()
FNDA:58,SCSSdkClient.Object.SCSTelemetry/FVector[] SCSSdkClient.Object.SCSTelemetry/WheelsConstants::get_PositionValues()
DA:43,58
LF:7
LH:6
BRF:0
BRH:0
FNF:7
FNH:6
end_of_record